[12/04/23 12:54:48] [WARNING] Unknown gateway event 'GUILD_AUDIT_LOG_ENTRY_CREATE'
[12/04/23 13:00:48] [WARNING] Unknown gateway event 'GUILD_AUDIT_LOG_ENTRY_CREATE'
[12/04/23 13:00:48] [WARNING] Unknown gateway event 'GUILD_AUDIT_LOG_ENTRY_CREATE'
[12/04/23 13:01:27] [WARNING] Unknown gateway event 'GUILD_AUDIT_LOG_ENTRY_CREATE'
[12/04/23 13:01:45] [WARNING] Unknown gateway event 'GUILD_AUDIT_LOG_ENTRY_CREATE'
[12/04/23 13:19:12] [ERROR] Can't read from Discord websocket gateway: End of file (2)
[12/04/23 13:21:36] [WARNING] Unknown gateway event 'GUILD_AUDIT_LOG_ENTRY_CREATE'
[12/04/23 13:21:51] [WARNING] Unknown gateway event 'GUILD_AUDIT_LOG_ENTRY_CREATE'
[12/04/23 13:22:28] [WARNING] Unknown gateway event 'GUILD_AUDIT_LOG_ENTRY_CREATE'
[12/04/23 13:42:55] [WARNING] Unknown gateway event 'GUILD_AUDIT_LOG_ENTRY_CREATE'
[12/04/23 14:07:13] [ERROR] Error while retrieving HTTP POST response from '/api/v8/channels/1181061439054680164/messages': end of stream
[12/04/23 14:09:32] [WARNING] Unknown gateway event 'GUILD_AUDIT_LOG_ENTRY_CREATE'
[12/04/23 14:18:44] [WARNING] Unknown gateway event 'GUILD_AUDIT_LOG_ENTRY_CREATE'
[12/04/23 14:27:15] [WARNING] Unknown gateway event 'GUILD_AUDIT_LOG_ENTRY_CREATE'
[12/04/23 14:27:15] [WARNING] Unknown gateway event 'GUILD_AUDIT_LOG_ENTRY_CREATE'
[12/04/23 14:56:41] [WARNING] Unknown gateway event 'GUILD_AUDIT_LOG_ENTRY_CREATE'
[12/04/23 15:41:55] [WARNING] Unknown gateway event 'GUILD_AUDIT_LOG_ENTRY_CREATE'
[12/04/23 16:35:09] [WARNING] Unknown gateway event 'GUILD_AUDIT_LOG_ENTRY_CREATE'
[12/04/23 16:38:28] [WARNING] Unknown gateway event 'GUILD_AUDIT_LOG_ENTRY_CREATE'
[12/04/23 16:46:46] [WARNING] Unknown gateway event 'GUILD_AUDIT_LOG_ENTRY_CREATE'
[12/04/23 16:46:46] [WARNING] Unknown gateway event 'GUILD_AUDIT_LOG_ENTRY_CREATE'
[12/04/23 16:46:46] [WARNING] Unknown gateway event 'GUILD_AUDIT_LOG_ENTRY_CREATE'
[12/04/23 16:46:47] [WARNING] Unknown gateway event 'GUILD_AUDIT_LOG_ENTRY_CREATE'
[12/04/23 16:46:47] [WARNING] Unknown gateway event 'GUILD_AUDIT_LOG_ENTRY_CREATE'
[12/04/23 16:52:31] [WARNING] Unknown gateway event 'CHANNEL_TOPIC_UPDATE'
[12/04/23 16:52:31] [WARNING] Unknown gateway event 'VOICE_CHANNEL_STATUS_UPDATE'
[12/04/23 17:06:17] [WARNING] Unknown gateway event 'GUILD_AUDIT_LOG_ENTRY_CREATE'
[12/04/23 18:43:27] [ERROR] Can't write to Discord websocket gateway: A operação de E/S foi anulada devido a uma saída de thread ou a uma requisição de aplicativo (995)
[12/04/23 19:07:02] [WARNING] Unknown gateway event 'GUILD_AUDIT_LOG_ENTRY_CREATE'
[12/04/23 19:07:03] [WARNING] Unknown gateway event 'GUILD_AUDIT_LOG_ENTRY_CREATE'
[12/04/23 21:22:02] [ERROR] Can't read from Discord websocket gateway: End of file (2)
[12/04/23 21:22:02] [ERROR] Can't write to Discord websocket gateway: A operação de E/S foi anulada devido a uma saída de thread ou a uma requisição de aplicativo (995)
