[09/19/23 14:57:12] [plugins/discord-connector] Error while retrieving HTTP POST response from '/api/v8/channels/1149056733105369242/messages': end of stream
[09/19/23 15:07:59] [plugins/discord-connector] Error while retrieving HTTP POST response from '/api/v8/channels/1145712303124254743/messages': end of stream
[09/19/23 17:09:22] [plugins/discord-connector] Can't read from Discord websocket gateway: End of file (2)
[09/19/23 17:09:22] [plugins/discord-connector] Can't write to Discord websocket gateway: A operação de E/S foi anulada devido a uma saída de thread ou a uma requisição de aplicativo (995)
[09/19/23 17:54:04] [plugins/discord-connector] Can't read from Discord websocket gateway: End of file (2)
[09/19/23 17:54:04] [plugins/discord-connector] Can't write to Discord websocket gateway: A operação de E/S foi anulada devido a uma saída de thread ou a uma requisição de aplicativo (995)
[09/19/23 18:06:10] [plugins/discord-connector] Can't read from Discord websocket gateway: End of file (2)
[09/19/23 18:06:10] [plugins/discord-connector] Can't write to Discord websocket gateway: A operação de E/S foi anulada devido a uma saída de thread ou a uma requisição de aplicativo (995)
[09/19/23 19:55:55] [plugins/discord-connector] Can't read from Discord websocket gateway: End of file (2)
[09/19/23 19:55:55] [plugins/discord-connector] Can't write to Discord websocket gateway: A operação de E/S foi anulada devido a uma saída de thread ou a uma requisição de aplicativo (995)
[09/19/23 22:13:53] [plugins/discord-connector] Can't write to Discord websocket gateway: A operação de E/S foi anulada devido a uma saída de thread ou a uma requisição de aplicativo (995)
[09/19/23 22:16:39] [plugins/discord-connector] Can't read from Discord websocket gateway: End of file (2)
[09/19/23 22:16:39] [plugins/discord-connector] Can't write to Discord websocket gateway: A operação de E/S foi anulada devido a uma saída de thread ou a uma requisição de aplicativo (995)
[09/19/23 22:21:41] [plugins/discord-connector] Can't read from Discord websocket gateway: End of file (2)
[09/19/23 22:21:41] [plugins/discord-connector] Can't write to Discord websocket gateway: A operação de E/S foi anulada devido a uma saída de thread ou a uma requisição de aplicativo (995)
[09/19/23 23:41:19] [plugins/discord-connector] Can't read from Discord websocket gateway: End of file (2)
[09/19/23 23:41:19] [plugins/discord-connector] Can't write to Discord websocket gateway: A operação de E/S foi anulada devido a uma saída de thread ou a uma requisição de aplicativo (995)
[09/19/23 23:45:26] [plugins/discord-connector] Can't read from Discord websocket gateway: End of file (2)
[09/19/23 23:45:26] [plugins/discord-connector] Can't write to Discord websocket gateway: A operação de E/S foi anulada devido a uma saída de thread ou a uma requisição de aplicativo (995)
[09/20/23 00:23:56] [plugins/discord-connector] Can't read from Discord websocket gateway: End of file (2)
[09/20/23 00:23:56] [plugins/discord-connector] Can't write to Discord websocket gateway: A operação de E/S foi anulada devido a uma saída de thread ou a uma requisição de aplicativo (995)
[09/20/23 01:30:39] [plugins/discord-connector] Can't write to Discord websocket gateway: A operação de E/S foi anulada devido a uma saída de thread ou a uma requisição de aplicativo (995)
[09/20/23 05:01:09] [plugins/discord-connector] Can't write to Discord websocket gateway: A operação de E/S foi anulada devido a uma saída de thread ou a uma requisição de aplicativo (995)
[09/20/23 06:38:56] [plugins/discord-connector] Can't read from Discord websocket gateway: End of file (2)
[09/20/23 06:38:56] [plugins/discord-connector] Can't write to Discord websocket gateway: A operação de E/S foi anulada devido a uma saída de thread ou a uma requisição de aplicativo (995)
[09/20/23 08:58:24] [plugins/discord-connector] Can't read from Discord websocket gateway: End of file (2)
[09/20/23 08:58:24] [plugins/discord-connector] Can't write to Discord websocket gateway: A operação de E/S foi anulada devido a uma saída de thread ou a uma requisição de aplicativo (995)
[09/20/23 11:59:49] [plugins/discord-connector] Can't write to Discord websocket gateway: A operação de E/S foi anulada devido a uma saída de thread ou a uma requisição de aplicativo (995)
[09/20/23 13:33:43] [plugins/discord-connector] Can't read from Discord websocket gateway: End of file (2)
[09/20/23 13:33:43] [plugins/discord-connector] Can't write to Discord websocket gateway: A operação de E/S foi anulada devido a uma saída de thread ou a uma requisição de aplicativo (995)
[09/20/23 15:40:21] [plugins/discord-connector] Can't write to Discord websocket gateway: A operação de E/S foi anulada devido a uma saída de thread ou a uma requisição de aplicativo (995)
[09/20/23 15:54:16] [plugins/discord-connector] Can't read from Discord websocket gateway: End of file (2)
[09/20/23 15:54:16] [plugins/discord-connector] Can't write to Discord websocket gateway: A operação de E/S foi anulada devido a uma saída de thread ou a uma requisição de aplicativo (995)
[09/20/23 19:02:26] [plugins/discord-connector] Can't read from Discord websocket gateway: End of file (2)
[09/20/23 19:02:26] [plugins/discord-connector] Can't write to Discord websocket gateway: A operação de E/S foi anulada devido a uma saída de thread ou a uma requisição de aplicativo (995)
[09/22/23 01:22:03] [plugins/discord-connector] Error while retrieving HTTP POST response from '/api/v8/channels/1145712303124254743/messages': end of stream
[09/23/23 20:52:11] [plugins/discord-connector] Can't read from Discord websocket gateway: O tempo limite do semáforo expirou (121)
[09/23/23 20:52:11] [plugins/discord-connector] Can't write to Discord websocket gateway: A operação de E/S foi anulada devido a uma saída de thread ou a uma requisição de aplicativo (995)
[09/23/23 22:14:14] [plugins/discord-connector] Error while retrieving HTTP POST response from '/api/v8/channels/1149056591711174797/messages': end of stream
[09/23/23 22:32:06] [plugins/discord-connector] Error while retrieving HTTP POST response from '/api/v8/channels/1145712172794642442/messages': end of stream
[09/23/23 23:11:57] [plugins/discord-connector] Error while retrieving HTTP POST response from '/api/v8/channels/1145712303124254743/messages': end of stream
[09/24/23 02:04:23] [plugins/discord-connector] Can't write to Discord websocket gateway: A operação de E/S foi anulada devido a uma saída de thread ou a uma requisição de aplicativo (995)
[09/24/23 02:11:44] [plugins/discord-connector] Error while retrieving HTTP POST response from '/api/v8/channels/1145712303124254743/messages': end of stream
[09/24/23 02:18:59] [plugins/discord-connector] Can't read from Discord websocket gateway: O tempo limite do semáforo expirou (121)
[09/24/23 02:18:59] [plugins/discord-connector] Can't write to Discord websocket gateway: A operação de E/S foi anulada devido a uma saída de thread ou a uma requisição de aplicativo (995)
[09/24/23 03:04:02] [plugins/discord-connector] Error while retrieving HTTP POST response from '/api/v8/channels/1145712079861452850/messages': end of stream
[09/24/23 03:29:08] [plugins/discord-connector] Error while retrieving HTTP POST response from '/api/v8/channels/1145712303124254743/messages': end of stream
[09/27/23 19:15:47] [plugins/discord-connector] Error while retrieving HTTP POST response from '/api/v8/channels/1145712303124254743/messages': end of stream
[09/27/23 19:33:24] [plugins/discord-connector] Error while retrieving HTTP POST response from '/api/v8/channels/1145712303124254743/messages': end of stream
[09/27/23 20:05:54] [plugins/discord-connector] Error while retrieving HTTP POST response from '/api/v8/channels/1145712303124254743/messages': end of stream
[09/27/23 20:20:48] [plugins/discord-connector] Error while retrieving HTTP POST response from '/api/v8/channels/1145712303124254743/messages': end of stream
[09/27/23 20:22:56] [plugins/discord-connector] Can't write to Discord websocket gateway: A operação de E/S foi anulada devido a uma saída de thread ou a uma requisição de aplicativo (995)
[09/27/23 20:51:38] [plugins/discord-connector] Error while retrieving HTTP POST response from '/api/v8/channels/1145712303124254743/messages': end of stream
[09/27/23 21:28:05] [plugins/discord-connector] Error while retrieving HTTP POST response from '/api/v8/channels/1145712303124254743/messages': end of stream
[09/27/23 23:42:41] [plugins/discord-connector] Can't read from Discord websocket gateway: A conexão da rede foi anulada pelo sistema local (1236)
[09/27/23 23:42:41] [plugins/discord-connector] Can't write to Discord websocket gateway: A operação de E/S foi anulada devido a uma saída de thread ou a uma requisição de aplicativo (995)
[09/27/23 23:42:43] [plugins/discord-connector] Can't resolve Discord gateway URL 'gateway.discord.gg': Este host não é conhecido (11001)
[09/27/23 23:42:46] [plugins/discord-connector] Can't write to Discord websocket gateway: A operação de E/S foi anulada devido a uma saída de thread ou a uma requisição de aplicativo (995)
[09/27/23 23:42:48] [plugins/discord-connector] Can't resolve Discord gateway URL 'gateway.discord.gg': Este host não é conhecido (11001)
[09/27/23 23:42:56] [plugins/discord-connector] Can't write to Discord websocket gateway: A operação de E/S foi anulada devido a uma saída de thread ou a uma requisição de aplicativo (995)
[09/28/23 14:02:09] [plugins/discord-connector] Can't write to Discord websocket gateway: A operação de E/S foi anulada devido a uma saída de thread ou a uma requisição de aplicativo (995)
[09/29/23 13:50:20] [plugins/discord-connector] Error while retrieving HTTP POST response from '/api/v8/channels/1145712303124254743/messages': end of stream
[10/03/23 12:27:34] [plugins/discord-connector] Error while retrieving HTTP POST response from '/api/v8/channels/1145712303124254743/messages': end of stream
[10/03/23 13:31:09] [plugins/discord-connector] Error while retrieving HTTP POST response from '/api/v8/channels/1145712303124254743/messages': end of stream
[10/03/23 13:57:29] [plugins/discord-connector] Can't read from Discord websocket gateway: O tempo limite do semáforo expirou (121)
[10/03/23 13:57:32] [plugins/discord-connector] Can't resolve Discord gateway URL 'gateway.discord.gg': Este host não é conhecido (11001)
[10/03/23 13:57:35] [plugins/discord-connector] Can't write to Discord websocket gateway: A operação de E/S foi anulada devido a uma saída de thread ou a uma requisição de aplicativo (995)
[10/03/23 13:57:37] [plugins/discord-connector] Can't resolve Discord gateway URL 'gateway.discord.gg': Este host não é conhecido (11001)
[10/03/23 13:57:45] [plugins/discord-connector] Can't write to Discord websocket gateway: A operação de E/S foi anulada devido a uma saída de thread ou a uma requisição de aplicativo (995)
[10/04/23 13:00:20] [plugins/discord-connector] Error while retrieving HTTP POST response from '/api/v8/channels/1145712303124254743/messages': end of stream
[10/04/23 16:15:08] [plugins/discord-connector] Error while retrieving HTTP POST response from '/api/v8/channels/1145712079861452850/messages': end of stream
[10/04/23 19:54:32] [plugins/discord-connector] Error while retrieving HTTP POST response from '/api/v8/channels/1145712303124254743/messages': end of stream
[10/04/23 20:17:13] [plugins/discord-connector] Can't write to Discord websocket gateway: A operação de E/S foi anulada devido a uma saída de thread ou a uma requisição de aplicativo (995)
[10/04/23 20:33:13] [plugins/discord-connector] Can't read from Discord websocket gateway: O tempo limite do semáforo expirou (121)
[10/04/23 20:33:13] [plugins/discord-connector] Can't write to Discord websocket gateway: A operação de E/S foi anulada devido a uma saída de thread ou a uma requisição de aplicativo (995)
[10/04/23 20:33:14] [plugins/discord-connector] Can't write to Discord websocket gateway: A operação de E/S foi anulada devido a uma saída de thread ou a uma requisição de aplicativo (995)
[10/04/23 20:33:24] [plugins/discord-connector] Can't write to Discord websocket gateway: A operação de E/S foi anulada devido a uma saída de thread ou a uma requisição de aplicativo (995)
[10/04/23 20:33:24] [plugins/discord-connector] Can't resolve Discord gateway URL 'gateway.discord.gg': Este host não é conhecido (11001)
