[07/09/23 22:01:05] [plugins/discord-connector] Unknown gateway event 'GUILD_AUDIT_LOG_ENTRY_CREATE'
[07/09/23 22:01:17] [plugins/discord-connector] Unknown gateway event 'GUILD_AUDIT_LOG_ENTRY_CREATE'
[07/09/23 22:01:38] [plugins/discord-connector] Unknown gateway event 'GUILD_AUDIT_LOG_ENTRY_CREATE'
[07/09/23 22:01:44] [plugins/discord-connector] Unknown gateway event 'GUILD_AUDIT_LOG_ENTRY_CREATE'
[07/09/23 22:01:46] [plugins/discord-connector] Unknown gateway event 'GUILD_AUDIT_LOG_ENTRY_CREATE'
[07/14/23 20:43:27] [plugins/discord-connector] Unknown gateway event 'GUILD_AUDIT_LOG_ENTRY_CREATE'
[07/14/23 20:44:02] [plugins/discord-connector] Unknown gateway event 'GUILD_AUDIT_LOG_ENTRY_CREATE'
[07/14/23 20:44:20] [plugins/discord-connector] Unknown gateway event 'GUILD_AUDIT_LOG_ENTRY_CREATE'
[07/14/23 20:45:09] [plugins/discord-connector] Unknown gateway event 'GUILD_AUDIT_LOG_ENTRY_CREATE'
[07/14/23 20:47:15] [plugins/discord-connector] Unknown gateway event 'GUILD_AUDIT_LOG_ENTRY_CREATE'
[07/14/23 20:47:40] [plugins/discord-connector] Unknown gateway event 'GUILD_AUDIT_LOG_ENTRY_CREATE'
[07/14/23 20:48:18] [plugins/discord-connector] Unknown gateway event 'GUILD_AUDIT_LOG_ENTRY_CREATE'
[07/14/23 20:51:02] [plugins/discord-connector] Unknown gateway event 'GUILD_AUDIT_LOG_ENTRY_CREATE'
[07/14/23 20:51:20] [plugins/discord-connector] Unknown gateway event 'GUILD_AUDIT_LOG_ENTRY_CREATE'
[07/14/23 20:52:49] [plugins/discord-connector] Unknown gateway event 'GUILD_AUDIT_LOG_ENTRY_CREATE'
[07/14/23 20:53:00] [plugins/discord-connector] Unknown gateway event 'GUILD_AUDIT_LOG_ENTRY_CREATE'
[07/14/23 20:53:12] [plugins/discord-connector] Unknown gateway event 'GUILD_AUDIT_LOG_ENTRY_CREATE'
[07/14/23 20:53:23] [plugins/discord-connector] Unknown gateway event 'GUILD_AUDIT_LOG_ENTRY_CREATE'
[07/14/23 20:53:38] [plugins/discord-connector] Unknown gateway event 'GUILD_AUDIT_LOG_ENTRY_CREATE'
[07/14/23 20:53:55] [plugins/discord-connector] Unknown gateway event 'GUILD_AUDIT_LOG_ENTRY_CREATE'
[07/14/23 20:54:06] [plugins/discord-connector] Unknown gateway event 'GUILD_AUDIT_LOG_ENTRY_CREATE'
[07/14/23 20:54:16] [plugins/discord-connector] Unknown gateway event 'GUILD_AUDIT_LOG_ENTRY_CREATE'
[07/14/23 20:54:33] [plugins/discord-connector] Unknown gateway event 'GUILD_AUDIT_LOG_ENTRY_CREATE'
[07/14/23 20:55:22] [plugins/discord-connector] Unknown gateway event 'GUILD_AUDIT_LOG_ENTRY_CREATE'
[07/14/23 20:55:38] [plugins/discord-connector] Unknown gateway event 'GUILD_AUDIT_LOG_ENTRY_CREATE'
[07/14/23 20:56:03] [plugins/discord-connector] Unknown gateway event 'GUILD_AUDIT_LOG_ENTRY_CREATE'
[07/14/23 20:56:21] [plugins/discord-connector] Unknown gateway event 'GUILD_AUDIT_LOG_ENTRY_CREATE'
[07/14/23 20:56:31] [plugins/discord-connector] Unknown gateway event 'GUILD_AUDIT_LOG_ENTRY_CREATE'
[07/14/23 20:56:49] [plugins/discord-connector] Unknown gateway event 'GUILD_AUDIT_LOG_ENTRY_CREATE'
[07/14/23 20:57:08] [plugins/discord-connector] Unknown gateway event 'GUILD_AUDIT_LOG_ENTRY_CREATE'
[07/14/23 20:57:30] [plugins/discord-connector] Unknown gateway event 'GUILD_AUDIT_LOG_ENTRY_CREATE'
[07/14/23 20:57:42] [plugins/discord-connector] Unknown gateway event 'GUILD_AUDIT_LOG_ENTRY_CREATE'
[07/14/23 20:58:06] [plugins/discord-connector] Unknown gateway event 'GUILD_AUDIT_LOG_ENTRY_CREATE'
[07/14/23 20:58:27] [plugins/discord-connector] Unknown gateway event 'GUILD_AUDIT_LOG_ENTRY_CREATE'
[07/14/23 21:15:43] [plugins/discord-connector] Unknown gateway event 'GUILD_AUDIT_LOG_ENTRY_CREATE'
[07/14/23 21:23:44] [plugins/discord-connector] Unknown gateway event 'GUILD_AUDIT_LOG_ENTRY_CREATE'
[07/14/23 21:25:37] [plugins/discord-connector] Unknown gateway event 'GUILD_AUDIT_LOG_ENTRY_CREATE'
[07/14/23 21:26:20] [plugins/discord-connector] Unknown gateway event 'GUILD_AUDIT_LOG_ENTRY_CREATE'
[07/14/23 21:39:32] [plugins/discord-connector] Unknown gateway event 'GUILD_AUDIT_LOG_ENTRY_CREATE'
[07/14/23 21:41:06] [plugins/discord-connector] Unknown gateway event 'GUILD_AUDIT_LOG_ENTRY_CREATE'
[07/14/23 21:42:47] [plugins/discord-connector] Unknown gateway event 'GUILD_AUDIT_LOG_ENTRY_CREATE'
[07/14/23 21:43:06] [plugins/discord-connector] Unknown gateway event 'GUILD_AUDIT_LOG_ENTRY_CREATE'
[07/14/23 21:44:16] [plugins/discord-connector] Unknown gateway event 'GUILD_AUDIT_LOG_ENTRY_CREATE'
[07/14/23 21:45:22] [plugins/discord-connector] Unknown gateway event 'GUILD_AUDIT_LOG_ENTRY_CREATE'
[07/14/23 21:45:43] [plugins/discord-connector] Unknown gateway event 'GUILD_AUDIT_LOG_ENTRY_CREATE'
[07/14/23 21:46:11] [plugins/discord-connector] Unknown gateway event 'GUILD_AUDIT_LOG_ENTRY_CREATE'
[07/14/23 21:46:37] [plugins/discord-connector] Unknown gateway event 'GUILD_AUDIT_LOG_ENTRY_CREATE'
[07/14/23 21:47:07] [plugins/discord-connector] Unknown gateway event 'GUILD_AUDIT_LOG_ENTRY_CREATE'
[07/14/23 21:47:45] [plugins/discord-connector] Unknown gateway event 'GUILD_AUDIT_LOG_ENTRY_CREATE'
[07/14/23 21:47:58] [plugins/discord-connector] Unknown gateway event 'GUILD_AUDIT_LOG_ENTRY_CREATE'
[07/14/23 21:48:38] [plugins/discord-connector] Unknown gateway event 'GUILD_AUDIT_LOG_ENTRY_CREATE'
[07/14/23 21:49:13] [plugins/discord-connector] Unknown gateway event 'GUILD_AUDIT_LOG_ENTRY_CREATE'
[07/14/23 21:50:42] [plugins/discord-connector] Unknown gateway event 'GUILD_AUDIT_LOG_ENTRY_CREATE'
[07/14/23 21:51:45] [plugins/discord-connector] Unknown gateway event 'GUILD_AUDIT_LOG_ENTRY_CREATE'
[07/14/23 21:51:56] [plugins/discord-connector] Unknown gateway event 'GUILD_AUDIT_LOG_ENTRY_CREATE'
[07/14/23 21:53:08] [plugins/discord-connector] Unknown gateway event 'GUILD_AUDIT_LOG_ENTRY_CREATE'
[07/14/23 22:02:29] [plugins/discord-connector] Unknown gateway event 'GUILD_AUDIT_LOG_ENTRY_CREATE'
[07/14/23 22:02:58] [plugins/discord-connector] Unknown gateway event 'GUILD_AUDIT_LOG_ENTRY_CREATE'
[07/14/23 22:03:09] [plugins/discord-connector] Unknown gateway event 'GUILD_AUDIT_LOG_ENTRY_CREATE'
[07/14/23 22:03:18] [plugins/discord-connector] Unknown gateway event 'GUILD_AUDIT_LOG_ENTRY_CREATE'
[07/14/23 22:03:29] [plugins/discord-connector] Unknown gateway event 'GUILD_AUDIT_LOG_ENTRY_CREATE'
[07/14/23 22:03:44] [plugins/discord-connector] Unknown gateway event 'GUILD_AUDIT_LOG_ENTRY_CREATE'
[07/14/23 22:03:52] [plugins/discord-connector] Unknown gateway event 'GUILD_AUDIT_LOG_ENTRY_CREATE'
[07/14/23 22:04:03] [plugins/discord-connector] Unknown gateway event 'GUILD_AUDIT_LOG_ENTRY_CREATE'
[07/14/23 22:04:13] [plugins/discord-connector] Unknown gateway event 'GUILD_AUDIT_LOG_ENTRY_CREATE'
[07/14/23 22:04:26] [plugins/discord-connector] Unknown gateway event 'GUILD_AUDIT_LOG_ENTRY_CREATE'
[07/14/23 22:04:47] [plugins/discord-connector] Unknown gateway event 'GUILD_AUDIT_LOG_ENTRY_CREATE'
[07/14/23 22:06:14] [plugins/discord-connector] Unknown gateway event 'GUILD_AUDIT_LOG_ENTRY_CREATE'
[07/14/23 22:06:28] [plugins/discord-connector] Unknown gateway event 'GUILD_AUDIT_LOG_ENTRY_CREATE'
[07/16/23 22:59:07] [plugins/discord-connector] Unknown gateway event 'GUILD_AUDIT_LOG_ENTRY_CREATE'
[07/17/23 17:00:24] [plugins/discord-connector] Unknown gateway event 'GUILD_AUDIT_LOG_ENTRY_CREATE'
[07/17/23 17:02:05] [plugins/discord-connector] Unknown gateway event 'GUILD_AUDIT_LOG_ENTRY_CREATE'
[07/17/23 17:02:05] [plugins/discord-connector] Unknown gateway event 'GUILD_AUDIT_LOG_ENTRY_CREATE'
[07/17/23 17:02:06] [plugins/discord-connector] Unknown gateway event 'GUILD_AUDIT_LOG_ENTRY_CREATE'
[07/17/23 17:44:08] [plugins/discord-connector] Unknown gateway event 'GUILD_AUDIT_LOG_ENTRY_CREATE'
[07/17/23 17:44:14] [plugins/discord-connector] Unknown gateway event 'GUILD_AUDIT_LOG_ENTRY_CREATE'
[07/17/23 17:44:16] [plugins/discord-connector] Unknown gateway event 'GUILD_AUDIT_LOG_ENTRY_CREATE'
[07/17/23 17:50:17] [plugins/discord-connector] Unknown gateway event 'GUILD_AUDIT_LOG_ENTRY_CREATE'
[07/17/23 17:50:24] [plugins/discord-connector] Unknown gateway event 'GUILD_AUDIT_LOG_ENTRY_CREATE'
[07/17/23 17:50:30] [plugins/discord-connector] Unknown gateway event 'GUILD_AUDIT_LOG_ENTRY_CREATE'
[07/17/23 18:02:16] [plugins/discord-connector] Unknown gateway event 'GUILD_AUDIT_LOG_ENTRY_CREATE'
[07/17/23 18:03:32] [plugins/discord-connector] Unknown gateway event 'GUILD_AUDIT_LOG_ENTRY_CREATE'
[07/17/23 18:03:40] [plugins/discord-connector] Unknown gateway event 'GUILD_AUDIT_LOG_ENTRY_CREATE'
[07/17/23 18:10:40] [plugins/discord-connector] Unknown gateway event 'GUILD_AUDIT_LOG_ENTRY_CREATE'
[07/17/23 18:10:48] [plugins/discord-connector] Unknown gateway event 'GUILD_AUDIT_LOG_ENTRY_CREATE'
[07/17/23 18:23:47] [plugins/discord-connector] Unknown gateway event 'GUILD_AUDIT_LOG_ENTRY_CREATE'
[07/17/23 18:26:35] [plugins/discord-connector] Unknown gateway event 'GUILD_AUDIT_LOG_ENTRY_CREATE'
[07/17/23 18:26:38] [plugins/discord-connector] Unknown gateway event 'GUILD_AUDIT_LOG_ENTRY_CREATE'
[07/17/23 18:26:42] [plugins/discord-connector] Unknown gateway event 'GUILD_AUDIT_LOG_ENTRY_CREATE'
[07/17/23 18:28:35] [plugins/discord-connector] Unknown gateway event 'GUILD_AUDIT_LOG_ENTRY_CREATE'
[07/17/23 19:26:27] [plugins/discord-connector] Unknown gateway event 'GUILD_AUDIT_LOG_ENTRY_CREATE'
[07/17/23 21:19:26] [plugins/discord-connector] Unknown gateway event 'GUILD_AUDIT_LOG_ENTRY_CREATE'
[07/17/23 21:19:52] [plugins/discord-connector] Unknown gateway event 'GUILD_AUDIT_LOG_ENTRY_CREATE'
[07/17/23 21:21:35] [plugins/discord-connector] Unknown gateway event 'GUILD_AUDIT_LOG_ENTRY_CREATE'
[07/17/23 21:22:45] [plugins/discord-connector] Error while shutting down SSL on HTTP connection: Foi forçado o cancelamento de uma conexão existente pelo host remoto (10054)
[07/17/23 21:33:53] [plugins/discord-connector] Error while shutting down SSL on HTTP connection: Foi forçado o cancelamento de uma conexão existente pelo host remoto (10054)
[07/18/23 13:16:16] [plugins/discord-connector] Error while shutting down SSL on HTTP connection: Foi forçado o cancelamento de uma conexão existente pelo host remoto (10054)
[07/18/23 13:18:33] [plugins/discord-connector] Unknown gateway event 'GUILD_AUDIT_LOG_ENTRY_CREATE'
[07/18/23 13:28:20] [plugins/discord-connector] Error while shutting down SSL on HTTP connection: Foi forçado o cancelamento de uma conexão existente pelo host remoto (10054)
[07/18/23 17:59:43] [plugins/discord-connector] Error while shutting down SSL on HTTP connection: Foi forçado o cancelamento de uma conexão existente pelo host remoto (10054)
[07/18/23 19:49:38] [plugins/discord-connector] Unknown gateway event 'GUILD_AUDIT_LOG_ENTRY_CREATE'
[07/19/23 02:12:24] [plugins/discord-connector] Unknown gateway event 'GUILD_JOIN_REQUEST_UPDATE'
[07/19/23 02:12:25] [plugins/discord-connector] Unknown gateway event 'GUILD_AUDIT_LOG_ENTRY_CREATE'
[07/19/23 03:47:39] [plugins/discord-connector] Unknown gateway event 'GUILD_AUDIT_LOG_ENTRY_CREATE'
[07/19/23 15:31:57] [plugins/discord-connector] Unknown gateway event 'GUILD_AUDIT_LOG_ENTRY_CREATE'
[07/19/23 15:36:29] [plugins/discord-connector] Unknown gateway event 'GUILD_AUDIT_LOG_ENTRY_CREATE'
[07/19/23 15:41:12] [plugins/discord-connector] Unknown gateway event 'GUILD_AUDIT_LOG_ENTRY_CREATE'
[07/19/23 15:41:18] [plugins/discord-connector] Unknown gateway event 'GUILD_AUDIT_LOG_ENTRY_CREATE'
[07/19/23 15:41:51] [plugins/discord-connector] Unknown gateway event 'GUILD_AUDIT_LOG_ENTRY_CREATE'
[07/19/23 15:42:55] [plugins/discord-connector] Unknown gateway event 'GUILD_AUDIT_LOG_ENTRY_CREATE'
[07/19/23 15:43:09] [plugins/discord-connector] Unknown gateway event 'GUILD_AUDIT_LOG_ENTRY_CREATE'
[07/19/23 16:56:57] [plugins/discord-connector] Unknown gateway event 'GUILD_AUDIT_LOG_ENTRY_CREATE'
[07/19/23 18:59:03] [plugins/discord-connector] Error while shutting down SSL on HTTP connection: Foi forçado o cancelamento de uma conexão existente pelo host remoto (10054)
[07/19/23 21:34:17] [plugins/discord-connector] Error while shutting down SSL on HTTP connection: Foi forçado o cancelamento de uma conexão existente pelo host remoto (10054)
[07/19/23 21:59:19] [plugins/discord-connector] Error while shutting down SSL on HTTP connection: Foi forçado o cancelamento de uma conexão existente pelo host remoto (10054)
[07/20/23 03:42:41] [plugins/discord-connector] Unknown gateway event 'GUILD_AUDIT_LOG_ENTRY_CREATE'
[07/20/23 03:42:42] [plugins/discord-connector] Unknown gateway event 'GUILD_AUDIT_LOG_ENTRY_CREATE'
[07/20/23 08:56:45] [plugins/discord-connector] Unknown gateway event 'GUILD_AUDIT_LOG_ENTRY_CREATE'
[07/20/23 10:33:51] [plugins/discord-connector] Unknown gateway event 'GUILD_AUDIT_LOG_ENTRY_CREATE'
[07/20/23 10:34:22] [plugins/discord-connector] Unknown gateway event 'GUILD_AUDIT_LOG_ENTRY_CREATE'
[07/20/23 12:13:37] [plugins/discord-connector] Unknown gateway event 'GUILD_AUDIT_LOG_ENTRY_CREATE'
[07/20/23 12:13:44] [plugins/discord-connector] Unknown gateway event 'GUILD_AUDIT_LOG_ENTRY_CREATE'
[07/20/23 12:31:20] [plugins/discord-connector] Unknown gateway event 'GUILD_AUDIT_LOG_ENTRY_CREATE'
[07/20/23 12:31:26] [plugins/discord-connector] Unknown gateway event 'GUILD_AUDIT_LOG_ENTRY_CREATE'
[07/20/23 12:32:16] [plugins/discord-connector] Unknown gateway event 'GUILD_AUDIT_LOG_ENTRY_CREATE'
[07/20/23 12:32:27] [plugins/discord-connector] Unknown gateway event 'GUILD_AUDIT_LOG_ENTRY_CREATE'
[07/20/23 12:32:39] [plugins/discord-connector] Unknown gateway event 'GUILD_AUDIT_LOG_ENTRY_CREATE'
[07/20/23 12:33:01] [plugins/discord-connector] Unknown gateway event 'GUILD_AUDIT_LOG_ENTRY_CREATE'
[07/20/23 12:33:25] [plugins/discord-connector] Unknown gateway event 'GUILD_AUDIT_LOG_ENTRY_CREATE'
[07/20/23 14:19:28] [plugins/discord-connector] Unknown gateway event 'GUILD_AUDIT_LOG_ENTRY_CREATE'
[07/20/23 14:20:13] [plugins/discord-connector] Unknown gateway event 'GUILD_AUDIT_LOG_ENTRY_CREATE'
[07/20/23 14:20:18] [plugins/discord-connector] Unknown gateway event 'GUILD_AUDIT_LOG_ENTRY_CREATE'
[07/20/23 14:20:27] [plugins/discord-connector] Unknown gateway event 'GUILD_AUDIT_LOG_ENTRY_CREATE'
[07/20/23 14:20:29] [plugins/discord-connector] Unknown gateway event 'GUILD_AUDIT_LOG_ENTRY_CREATE'
[07/20/23 14:20:35] [plugins/discord-connector] Unknown gateway event 'GUILD_AUDIT_LOG_ENTRY_CREATE'
[07/20/23 14:20:37] [plugins/discord-connector] Unknown gateway event 'GUILD_AUDIT_LOG_ENTRY_CREATE'
[07/20/23 14:20:39] [plugins/discord-connector] Unknown gateway event 'GUILD_AUDIT_LOG_ENTRY_CREATE'
[07/20/23 14:20:54] [plugins/discord-connector] Unknown gateway event 'GUILD_AUDIT_LOG_ENTRY_CREATE'
[07/20/23 14:21:02] [plugins/discord-connector] Unknown gateway event 'GUILD_AUDIT_LOG_ENTRY_CREATE'
[07/20/23 14:23:02] [plugins/discord-connector] Unknown gateway event 'GUILD_AUDIT_LOG_ENTRY_CREATE'
[07/20/23 14:23:18] [plugins/discord-connector] Unknown gateway event 'GUILD_AUDIT_LOG_ENTRY_CREATE'
[07/20/23 14:23:28] [plugins/discord-connector] Unknown gateway event 'GUILD_AUDIT_LOG_ENTRY_CREATE'
[07/20/23 14:23:47] [plugins/discord-connector] Unknown gateway event 'GUILD_AUDIT_LOG_ENTRY_CREATE'
[07/20/23 14:24:00] [plugins/discord-connector] Unknown gateway event 'GUILD_AUDIT_LOG_ENTRY_CREATE'
[07/20/23 14:24:55] [plugins/discord-connector] Unknown gateway event 'GUILD_AUDIT_LOG_ENTRY_CREATE'
[07/20/23 14:24:58] [plugins/discord-connector] Unknown gateway event 'GUILD_AUDIT_LOG_ENTRY_CREATE'
[07/20/23 14:25:02] [plugins/discord-connector] Unknown gateway event 'GUILD_AUDIT_LOG_ENTRY_CREATE'
[07/20/23 14:25:06] [plugins/discord-connector] Unknown gateway event 'GUILD_AUDIT_LOG_ENTRY_CREATE'
[07/20/23 14:25:09] [plugins/discord-connector] Unknown gateway event 'GUILD_AUDIT_LOG_ENTRY_CREATE'
[07/20/23 14:26:11] [plugins/discord-connector] Unknown gateway event 'GUILD_AUDIT_LOG_ENTRY_CREATE'
[07/20/23 14:26:11] [plugins/discord-connector] Unknown gateway event 'GUILD_AUDIT_LOG_ENTRY_CREATE'
[07/20/23 14:26:11] [plugins/discord-connector] Unknown gateway event 'GUILD_AUDIT_LOG_ENTRY_CREATE'
[07/20/23 14:26:12] [plugins/discord-connector] Unknown gateway event 'GUILD_AUDIT_LOG_ENTRY_CREATE'
[07/20/23 14:28:04] [plugins/discord-connector] Unknown gateway event 'GUILD_AUDIT_LOG_ENTRY_CREATE'
[07/20/23 14:28:04] [plugins/discord-connector] Unknown gateway event 'GUILD_AUDIT_LOG_ENTRY_CREATE'
[07/20/23 14:28:04] [plugins/discord-connector] Unknown gateway event 'GUILD_AUDIT_LOG_ENTRY_CREATE'
[07/20/23 14:28:07] [plugins/discord-connector] Unknown gateway event 'GUILD_AUDIT_LOG_ENTRY_CREATE'
[07/20/23 14:28:08] [plugins/discord-connector] Unknown gateway event 'GUILD_AUDIT_LOG_ENTRY_CREATE'
[07/20/23 14:30:47] [plugins/discord-connector] Unknown gateway event 'GUILD_AUDIT_LOG_ENTRY_CREATE'
[07/20/23 14:30:53] [plugins/discord-connector] Unknown gateway event 'GUILD_AUDIT_LOG_ENTRY_CREATE'
[07/20/23 14:31:29] [plugins/discord-connector] Unknown gateway event 'GUILD_AUDIT_LOG_ENTRY_CREATE'
[07/20/23 17:09:30] [plugins/discord-connector] Unknown gateway event 'GUILD_AUDIT_LOG_ENTRY_CREATE'
[07/20/23 17:09:31] [plugins/discord-connector] Unknown gateway event 'GUILD_AUDIT_LOG_ENTRY_CREATE'
[07/20/23 17:09:31] [plugins/discord-connector] Unknown gateway event 'GUILD_AUDIT_LOG_ENTRY_CREATE'
[07/20/23 17:10:00] [plugins/discord-connector] Unknown gateway event 'GUILD_AUDIT_LOG_ENTRY_CREATE'
[07/20/23 17:10:37] [plugins/discord-connector] Unknown gateway event 'GUILD_AUDIT_LOG_ENTRY_CREATE'
[07/20/23 17:10:56] [plugins/discord-connector] Unknown gateway event 'GUILD_AUDIT_LOG_ENTRY_CREATE'
[07/20/23 17:10:57] [plugins/discord-connector] Unknown gateway event 'GUILD_AUDIT_LOG_ENTRY_CREATE'
[07/20/23 17:10:59] [plugins/discord-connector] Unknown gateway event 'GUILD_AUDIT_LOG_ENTRY_CREATE'
[07/20/23 17:11:00] [plugins/discord-connector] Unknown gateway event 'GUILD_AUDIT_LOG_ENTRY_CREATE'
[07/20/23 17:11:00] [plugins/discord-connector] Unknown gateway event 'GUILD_AUDIT_LOG_ENTRY_CREATE'
[07/20/23 17:11:01] [plugins/discord-connector] Unknown gateway event 'GUILD_AUDIT_LOG_ENTRY_CREATE'
[07/20/23 17:11:02] [plugins/discord-connector] Unknown gateway event 'GUILD_AUDIT_LOG_ENTRY_CREATE'
[07/20/23 17:16:56] [plugins/discord-connector] Unknown gateway event 'GUILD_AUDIT_LOG_ENTRY_CREATE'
[07/20/23 17:18:38] [plugins/discord-connector] Unknown gateway event 'GUILD_AUDIT_LOG_ENTRY_CREATE'
[07/20/23 17:30:41] [plugins/discord-connector] Unknown gateway event 'GUILD_AUDIT_LOG_ENTRY_CREATE'
[07/20/23 17:31:47] [plugins/discord-connector] Unknown gateway event 'GUILD_AUDIT_LOG_ENTRY_CREATE'
[07/20/23 17:32:55] [plugins/discord-connector] Unknown gateway event 'GUILD_AUDIT_LOG_ENTRY_CREATE'
[07/20/23 17:35:43] [plugins/discord-connector] Unknown gateway event 'GUILD_AUDIT_LOG_ENTRY_CREATE'
[07/20/23 18:56:54] [plugins/discord-connector] Unknown gateway event 'GUILD_AUDIT_LOG_ENTRY_CREATE'
[07/20/23 20:59:17] [plugins/discord-connector] Unknown gateway event 'GUILD_AUDIT_LOG_ENTRY_CREATE'
[07/20/23 20:59:18] [plugins/discord-connector] Unknown gateway event 'GUILD_AUDIT_LOG_ENTRY_CREATE'
[07/20/23 20:59:18] [plugins/discord-connector] Unknown gateway event 'GUILD_AUDIT_LOG_ENTRY_CREATE'
[07/20/23 21:13:11] [plugins/discord-connector] Unknown gateway event 'GUILD_AUDIT_LOG_ENTRY_CREATE'
[07/20/23 23:13:30] [plugins/discord-connector] Unknown gateway event 'GUILD_AUDIT_LOG_ENTRY_CREATE'
[07/21/23 01:47:28] [plugins/discord-connector] Unknown gateway event 'GUILD_JOIN_REQUEST_UPDATE'
[07/21/23 01:47:28] [plugins/discord-connector] Unknown gateway event 'GUILD_AUDIT_LOG_ENTRY_CREATE'
[07/21/23 04:34:10] [plugins/discord-connector] Error while shutting down SSL on HTTP connection: Foi forçado o cancelamento de uma conexão existente pelo host remoto (10054)
[07/21/23 04:43:55] [plugins/discord-connector] Error while shutting down SSL on HTTP connection: Foi forçado o cancelamento de uma conexão existente pelo host remoto (10054)
[07/21/23 04:54:26] [plugins/discord-connector] Error while shutting down SSL on HTTP connection: Foi forçado o cancelamento de uma conexão existente pelo host remoto (10054)
[07/21/23 10:43:09] [plugins/discord-connector] Unknown gateway event 'GUILD_AUDIT_LOG_ENTRY_CREATE'
[07/21/23 10:45:49] [plugins/discord-connector] Unknown gateway event 'GUILD_AUDIT_LOG_ENTRY_CREATE'
[07/21/23 10:46:01] [plugins/discord-connector] Unknown gateway event 'GUILD_AUDIT_LOG_ENTRY_CREATE'
[07/21/23 10:52:14] [plugins/discord-connector] Unknown gateway event 'GUILD_AUDIT_LOG_ENTRY_CREATE'
[07/21/23 11:01:17] [plugins/discord-connector] Unknown gateway event 'GUILD_AUDIT_LOG_ENTRY_CREATE'
[07/21/23 11:02:02] [plugins/discord-connector] Unknown gateway event 'GUILD_AUDIT_LOG_ENTRY_CREATE'
[07/21/23 11:03:44] [plugins/discord-connector] Unknown gateway event 'GUILD_AUDIT_LOG_ENTRY_CREATE'
[07/21/23 15:39:15] [plugins/discord-connector] Unknown gateway event 'GUILD_AUDIT_LOG_ENTRY_CREATE'
[07/21/23 15:39:30] [plugins/discord-connector] Unknown gateway event 'GUILD_AUDIT_LOG_ENTRY_CREATE'
[07/21/23 15:43:45] [plugins/discord-connector] Unknown gateway event 'GUILD_AUDIT_LOG_ENTRY_CREATE'
[07/21/23 17:02:10] [plugins/discord-connector] Error while shutting down SSL on HTTP connection: Foi forçado o cancelamento de uma conexão existente pelo host remoto (10054)
[07/21/23 20:46:13] [plugins/discord-connector] Unknown gateway event 'GUILD_AUDIT_LOG_ENTRY_CREATE'
[07/21/23 20:46:13] [plugins/discord-connector] Unknown gateway event 'GUILD_AUDIT_LOG_ENTRY_CREATE'
[07/21/23 20:46:25] [plugins/discord-connector] Unknown gateway event 'GUILD_JOIN_REQUEST_UPDATE'
[07/21/23 20:46:25] [plugins/discord-connector] Unknown gateway event 'GUILD_AUDIT_LOG_ENTRY_CREATE'
[07/21/23 23:14:45] [plugins/discord-connector] Unknown gateway event 'GUILD_AUDIT_LOG_ENTRY_CREATE'
[07/21/23 23:14:45] [plugins/discord-connector] Unknown gateway event 'GUILD_AUDIT_LOG_ENTRY_CREATE'
[07/21/23 23:15:11] [plugins/discord-connector] Unknown gateway event 'GUILD_AUDIT_LOG_ENTRY_CREATE'
[07/21/23 23:29:24] [plugins/discord-connector] Unknown gateway event 'GUILD_AUDIT_LOG_ENTRY_CREATE'
[07/21/23 23:33:29] [plugins/discord-connector] Unknown gateway event 'GUILD_AUDIT_LOG_ENTRY_CREATE'
[07/21/23 23:33:30] [plugins/discord-connector] Unknown gateway event 'GUILD_AUDIT_LOG_ENTRY_CREATE'
[07/21/23 23:33:53] [plugins/discord-connector] Unknown gateway event 'GUILD_AUDIT_LOG_ENTRY_CREATE'
[07/21/23 23:34:13] [plugins/discord-connector] Unknown gateway event 'GUILD_AUDIT_LOG_ENTRY_CREATE'
[07/21/23 23:34:14] [plugins/discord-connector] Unknown gateway event 'GUILD_AUDIT_LOG_ENTRY_CREATE'
[07/22/23 00:21:22] [plugins/discord-connector] Unknown gateway event 'GUILD_AUDIT_LOG_ENTRY_CREATE'
[07/22/23 00:22:33] [plugins/discord-connector] Unknown gateway event 'GUILD_JOIN_REQUEST_UPDATE'
[07/22/23 00:22:34] [plugins/discord-connector] Unknown gateway event 'GUILD_AUDIT_LOG_ENTRY_CREATE'
[07/22/23 00:24:40] [plugins/discord-connector] Error while shutting down SSL on HTTP connection: Foi forçado o cancelamento de uma conexão existente pelo host remoto (10054)
[07/22/23 00:33:24] [plugins/discord-connector] Unknown gateway event 'CHANNEL_TOPIC_UPDATE'
[07/22/23 02:25:11] [plugins/discord-connector] Unknown gateway event 'GUILD_AUDIT_LOG_ENTRY_CREATE'
[07/22/23 02:43:57] [plugins/discord-connector] Unknown gateway event 'GUILD_AUDIT_LOG_ENTRY_CREATE'
[07/22/23 02:43:57] [plugins/discord-connector] Unknown gateway event 'GUILD_AUDIT_LOG_ENTRY_CREATE'
[07/22/23 02:44:10] [plugins/discord-connector] Unknown gateway event 'GUILD_AUDIT_LOG_ENTRY_CREATE'
[07/22/23 02:50:03] [plugins/discord-connector] Unknown gateway event 'GUILD_AUDIT_LOG_ENTRY_CREATE'
[07/22/23 02:52:57] [plugins/discord-connector] Unknown gateway event 'GUILD_AUDIT_LOG_ENTRY_CREATE'
[07/22/23 03:15:29] [plugins/discord-connector] Unknown gateway event 'GUILD_AUDIT_LOG_ENTRY_CREATE'
[07/22/23 03:17:26] [plugins/discord-connector] Unknown gateway event 'GUILD_AUDIT_LOG_ENTRY_CREATE'
[07/22/23 03:18:22] [plugins/discord-connector] Unknown gateway event 'GUILD_AUDIT_LOG_ENTRY_CREATE'
[07/22/23 03:18:39] [plugins/discord-connector] Unknown gateway event 'GUILD_AUDIT_LOG_ENTRY_CREATE'
[07/22/23 03:19:32] [plugins/discord-connector] Unknown gateway event 'GUILD_AUDIT_LOG_ENTRY_CREATE'
[07/22/23 03:22:25] [plugins/discord-connector] Unknown gateway event 'GUILD_AUDIT_LOG_ENTRY_CREATE'
[07/22/23 03:23:16] [plugins/discord-connector] Unknown gateway event 'GUILD_AUDIT_LOG_ENTRY_CREATE'
[07/22/23 03:23:33] [plugins/discord-connector] Unknown gateway event 'GUILD_AUDIT_LOG_ENTRY_CREATE'
[07/22/23 03:23:46] [plugins/discord-connector] Unknown gateway event 'GUILD_AUDIT_LOG_ENTRY_CREATE'
[07/22/23 03:25:32] [plugins/discord-connector] Unknown gateway event 'GUILD_AUDIT_LOG_ENTRY_CREATE'
[07/22/23 03:25:38] [plugins/discord-connector] Unknown gateway event 'GUILD_AUDIT_LOG_ENTRY_CREATE'
[07/22/23 03:25:58] [plugins/discord-connector] Unknown gateway event 'GUILD_AUDIT_LOG_ENTRY_CREATE'
[07/22/23 03:26:08] [plugins/discord-connector] Unknown gateway event 'GUILD_AUDIT_LOG_ENTRY_CREATE'
[07/22/23 03:26:19] [plugins/discord-connector] Unknown gateway event 'GUILD_AUDIT_LOG_ENTRY_CREATE'
[07/22/23 03:26:20] [plugins/discord-connector] Unknown gateway event 'GUILD_AUDIT_LOG_ENTRY_CREATE'
[07/22/23 03:26:21] [plugins/discord-connector] Unknown gateway event 'GUILD_AUDIT_LOG_ENTRY_CREATE'
[07/22/23 03:26:25] [plugins/discord-connector] Unknown gateway event 'GUILD_AUDIT_LOG_ENTRY_CREATE'
[07/22/23 03:26:36] [plugins/discord-connector] Unknown gateway event 'GUILD_AUDIT_LOG_ENTRY_CREATE'
[07/22/23 03:26:40] [plugins/discord-connector] Unknown gateway event 'GUILD_AUDIT_LOG_ENTRY_CREATE'
[07/22/23 03:26:48] [plugins/discord-connector] Unknown gateway event 'GUILD_AUDIT_LOG_ENTRY_CREATE'
[07/22/23 03:26:49] [plugins/discord-connector] Unknown gateway event 'GUILD_AUDIT_LOG_ENTRY_CREATE'
[07/22/23 03:27:11] [plugins/discord-connector] Unknown gateway event 'GUILD_AUDIT_LOG_ENTRY_CREATE'
[07/22/23 03:27:16] [plugins/discord-connector] Unknown gateway event 'GUILD_AUDIT_LOG_ENTRY_CREATE'
[07/22/23 03:27:27] [plugins/discord-connector] Unknown gateway event 'GUILD_AUDIT_LOG_ENTRY_CREATE'
[07/22/23 03:28:50] [plugins/discord-connector] Unknown gateway event 'GUILD_AUDIT_LOG_ENTRY_CREATE'
[07/22/23 03:29:00] [plugins/discord-connector] Unknown gateway event 'GUILD_AUDIT_LOG_ENTRY_CREATE'
[07/22/23 03:29:14] [plugins/discord-connector] Unknown gateway event 'GUILD_AUDIT_LOG_ENTRY_CREATE'
[07/22/23 03:29:22] [plugins/discord-connector] Unknown gateway event 'GUILD_AUDIT_LOG_ENTRY_CREATE'
[07/22/23 03:29:28] [plugins/discord-connector] Unknown gateway event 'GUILD_AUDIT_LOG_ENTRY_CREATE'
[07/22/23 03:29:45] [plugins/discord-connector] Unknown gateway event 'GUILD_AUDIT_LOG_ENTRY_CREATE'
[07/22/23 03:29:57] [plugins/discord-connector] Unknown gateway event 'GUILD_AUDIT_LOG_ENTRY_CREATE'
[07/22/23 03:31:31] [plugins/discord-connector] Unknown gateway event 'GUILD_AUDIT_LOG_ENTRY_CREATE'
[07/22/23 03:35:22] [plugins/discord-connector] Unknown gateway event 'GUILD_AUDIT_LOG_ENTRY_CREATE'
[07/22/23 03:37:12] [plugins/discord-connector] Unknown gateway event 'GUILD_AUDIT_LOG_ENTRY_CREATE'
[07/22/23 03:38:30] [plugins/discord-connector] Unknown gateway event 'GUILD_AUDIT_LOG_ENTRY_CREATE'
[07/22/23 03:39:15] [plugins/discord-connector] Unknown gateway event 'GUILD_AUDIT_LOG_ENTRY_CREATE'
[07/22/23 03:40:42] [plugins/discord-connector] Unknown gateway event 'GUILD_AUDIT_LOG_ENTRY_CREATE'
[07/22/23 03:44:42] [plugins/discord-connector] Unknown gateway event 'GUILD_AUDIT_LOG_ENTRY_CREATE'
[07/22/23 04:01:38] [plugins/discord-connector] Unknown gateway event 'GUILD_AUDIT_LOG_ENTRY_CREATE'
[07/22/23 04:02:43] [plugins/discord-connector] Unknown gateway event 'GUILD_AUDIT_LOG_ENTRY_CREATE'
[07/22/23 04:04:24] [plugins/discord-connector] Unknown gateway event 'GUILD_AUDIT_LOG_ENTRY_CREATE'
[07/22/23 04:06:49] [plugins/discord-connector] Unknown gateway event 'GUILD_AUDIT_LOG_ENTRY_CREATE'
[07/22/23 04:08:37] [plugins/discord-connector] Error while shutting down SSL on HTTP connection: Foi forçado o cancelamento de uma conexão existente pelo host remoto (10054)
[07/22/23 04:15:27] [plugins/discord-connector] Error while shutting down SSL on HTTP connection: Foi forçado o cancelamento de uma conexão existente pelo host remoto (10054)
[07/22/23 12:50:32] [plugins/discord-connector] Error while shutting down SSL on HTTP connection: Foi forçado o cancelamento de uma conexão existente pelo host remoto (10054)
[07/22/23 13:02:00] [plugins/discord-connector] Error while shutting down SSL on HTTP connection: Foi forçado o cancelamento de uma conexão existente pelo host remoto (10054)
[07/22/23 13:58:20] [plugins/discord-connector] Unknown gateway event 'GUILD_AUDIT_LOG_ENTRY_CREATE'
[07/22/23 14:02:43] [plugins/discord-connector] Error while shutting down SSL on HTTP connection: Foi forçado o cancelamento de uma conexão existente pelo host remoto (10054)
[07/22/23 14:11:35] [plugins/discord-connector] Unknown gateway event 'GUILD_AUDIT_LOG_ENTRY_CREATE'
[07/22/23 14:11:37] [plugins/discord-connector] Unknown gateway event 'GUILD_AUDIT_LOG_ENTRY_CREATE'
[07/22/23 14:14:13] [plugins/discord-connector] Unknown gateway event 'GUILD_AUDIT_LOG_ENTRY_CREATE'
[07/22/23 14:25:12] [plugins/discord-connector] Unknown gateway event 'GUILD_JOIN_REQUEST_UPDATE'
[07/22/23 14:25:12] [plugins/discord-connector] Unknown gateway event 'GUILD_AUDIT_LOG_ENTRY_CREATE'
[07/22/23 16:04:30] [plugins/discord-connector] Unknown gateway event 'GUILD_AUDIT_LOG_ENTRY_CREATE'
[07/22/23 16:21:19] [plugins/discord-connector] Unknown gateway event 'GUILD_AUDIT_LOG_ENTRY_CREATE'
[07/22/23 16:23:09] [plugins/discord-connector] Unknown gateway event 'GUILD_AUDIT_LOG_ENTRY_CREATE'
[07/22/23 16:38:17] [plugins/discord-connector] Unknown gateway event 'GUILD_AUDIT_LOG_ENTRY_CREATE'
[07/22/23 17:20:09] [plugins/discord-connector] Unknown gateway event 'GUILD_AUDIT_LOG_ENTRY_CREATE'
[07/22/23 21:03:43] [plugins/discord-connector] Unknown gateway event 'GUILD_AUDIT_LOG_ENTRY_CREATE'
[07/22/23 21:03:44] [plugins/discord-connector] Unknown gateway event 'GUILD_AUDIT_LOG_ENTRY_CREATE'
[07/22/23 21:04:33] [plugins/discord-connector] Unknown gateway event 'GUILD_JOIN_REQUEST_UPDATE'
[07/22/23 21:04:34] [plugins/discord-connector] Unknown gateway event 'GUILD_AUDIT_LOG_ENTRY_CREATE'
[07/22/23 21:05:35] [plugins/discord-connector] Unknown gateway event 'GUILD_JOIN_REQUEST_UPDATE'
[07/22/23 21:05:35] [plugins/discord-connector] Unknown gateway event 'GUILD_AUDIT_LOG_ENTRY_CREATE'
[07/22/23 21:06:20] [plugins/discord-connector] Unknown gateway event 'GUILD_JOIN_REQUEST_UPDATE'
[07/22/23 21:06:20] [plugins/discord-connector] Unknown gateway event 'GUILD_AUDIT_LOG_ENTRY_CREATE'
[07/22/23 21:07:33] [plugins/discord-connector] Unknown gateway event 'GUILD_AUDIT_LOG_ENTRY_CREATE'
[07/22/23 21:07:33] [plugins/discord-connector] Unknown gateway event 'GUILD_AUDIT_LOG_ENTRY_CREATE'
[07/22/23 21:08:18] [plugins/discord-connector] Unknown gateway event 'GUILD_JOIN_REQUEST_UPDATE'
[07/22/23 21:08:18] [plugins/discord-connector] Unknown gateway event 'GUILD_AUDIT_LOG_ENTRY_CREATE'
[07/22/23 21:08:49] [plugins/discord-connector] Unknown gateway event 'GUILD_AUDIT_LOG_ENTRY_CREATE'
[07/22/23 21:09:37] [plugins/discord-connector] Unknown gateway event 'GUILD_AUDIT_LOG_ENTRY_CREATE'
[07/22/23 21:11:50] [plugins/discord-connector] Unknown gateway event 'GUILD_JOIN_REQUEST_UPDATE'
[07/22/23 21:11:50] [plugins/discord-connector] Unknown gateway event 'GUILD_AUDIT_LOG_ENTRY_CREATE'
[07/22/23 21:15:03] [plugins/discord-connector] Unknown gateway event 'GUILD_AUDIT_LOG_ENTRY_CREATE'
[07/22/23 22:50:55] [plugins/discord-connector] Unknown gateway event 'INTEGRATION_CREATE'
[07/22/23 22:50:56] [plugins/discord-connector] Unknown gateway event 'GUILD_AUDIT_LOG_ENTRY_CREATE'
[07/22/23 22:50:56] [plugins/discord-connector] Unknown gateway event 'GUILD_AUDIT_LOG_ENTRY_CREATE'
[07/22/23 22:50:58] [plugins/discord-connector] Unknown gateway event 'APPLICATION_COMMAND_PERMISSIONS_UPDATE'
[07/22/23 22:50:59] [plugins/discord-connector] Unknown gateway event 'GUILD_AUDIT_LOG_ENTRY_CREATE'
[07/22/23 22:51:00] [plugins/discord-connector] Unknown gateway event 'APPLICATION_COMMAND_PERMISSIONS_UPDATE'
[07/22/23 22:51:00] [plugins/discord-connector] Unknown gateway event 'GUILD_AUDIT_LOG_ENTRY_CREATE'
[07/22/23 22:51:01] [plugins/discord-connector] Unknown gateway event 'APPLICATION_COMMAND_PERMISSIONS_UPDATE'
[07/22/23 22:51:01] [plugins/discord-connector] Unknown gateway event 'GUILD_AUDIT_LOG_ENTRY_CREATE'
[07/22/23 22:51:03] [plugins/discord-connector] Unknown gateway event 'APPLICATION_COMMAND_PERMISSIONS_UPDATE'
[07/22/23 22:51:03] [plugins/discord-connector] Unknown gateway event 'GUILD_AUDIT_LOG_ENTRY_CREATE'
[07/22/23 22:51:24] [plugins/discord-connector] Unknown gateway event 'APPLICATION_COMMAND_PERMISSIONS_UPDATE'
[07/22/23 22:51:24] [plugins/discord-connector] Unknown gateway event 'GUILD_AUDIT_LOG_ENTRY_CREATE'
[07/22/23 22:51:26] [plugins/discord-connector] Unknown gateway event 'APPLICATION_COMMAND_PERMISSIONS_UPDATE'
[07/22/23 22:51:26] [plugins/discord-connector] Unknown gateway event 'GUILD_AUDIT_LOG_ENTRY_CREATE'
[07/22/23 22:51:27] [plugins/discord-connector] Unknown gateway event 'APPLICATION_COMMAND_PERMISSIONS_UPDATE'
[07/22/23 22:51:28] [plugins/discord-connector] Unknown gateway event 'GUILD_AUDIT_LOG_ENTRY_CREATE'
[07/22/23 22:51:29] [plugins/discord-connector] Unknown gateway event 'APPLICATION_COMMAND_PERMISSIONS_UPDATE'
[07/22/23 22:51:29] [plugins/discord-connector] Unknown gateway event 'GUILD_AUDIT_LOG_ENTRY_CREATE'
[07/22/23 22:51:30] [plugins/discord-connector] Unknown gateway event 'APPLICATION_COMMAND_PERMISSIONS_UPDATE'
[07/22/23 22:51:30] [plugins/discord-connector] Unknown gateway event 'GUILD_AUDIT_LOG_ENTRY_CREATE'
[07/22/23 22:51:50] [plugins/discord-connector] Unknown gateway event 'APPLICATION_COMMAND_PERMISSIONS_UPDATE'
[07/22/23 22:51:50] [plugins/discord-connector] Unknown gateway event 'GUILD_AUDIT_LOG_ENTRY_CREATE'
[07/22/23 22:51:51] [plugins/discord-connector] Unknown gateway event 'APPLICATION_COMMAND_PERMISSIONS_UPDATE'
[07/22/23 22:51:51] [plugins/discord-connector] Unknown gateway event 'GUILD_AUDIT_LOG_ENTRY_CREATE'
[07/22/23 22:51:53] [plugins/discord-connector] Unknown gateway event 'APPLICATION_COMMAND_PERMISSIONS_UPDATE'
[07/22/23 22:51:53] [plugins/discord-connector] Unknown gateway event 'GUILD_AUDIT_LOG_ENTRY_CREATE'
[07/22/23 22:52:17] [plugins/discord-connector] Unknown gateway event 'GUILD_AUDIT_LOG_ENTRY_CREATE'
[07/22/23 22:55:42] [plugins/discord-connector] Error while shutting down SSL on HTTP connection: Foi forçado o cancelamento de uma conexão existente pelo host remoto (10054)
[07/22/23 23:03:05] [plugins/discord-connector] Unknown gateway event 'GUILD_AUDIT_LOG_ENTRY_CREATE'
[07/22/23 23:24:44] [plugins/discord-connector] Unknown gateway event 'GUILD_AUDIT_LOG_ENTRY_CREATE'
[07/22/23 23:26:19] [plugins/discord-connector] Unknown gateway event 'GUILD_AUDIT_LOG_ENTRY_CREATE'
[07/22/23 23:28:15] [plugins/discord-connector] Error while shutting down SSL on HTTP connection: Foi forçado o cancelamento de uma conexão existente pelo host remoto (10054)
[07/22/23 23:37:01] [plugins/discord-connector] Error while shutting down SSL on HTTP connection: Foi forçado o cancelamento de uma conexão existente pelo host remoto (10054)
[07/23/23 00:51:00] [plugins/discord-connector] Error while shutting down SSL on HTTP connection: Foi forçado o cancelamento de uma conexão existente pelo host remoto (10054)
[07/23/23 01:03:06] [plugins/discord-connector] Error while shutting down SSL on HTTP connection: Foi forçado o cancelamento de uma conexão existente pelo host remoto (10054)
[07/23/23 01:56:48] [plugins/discord-connector] Unknown gateway event 'CHANNEL_TOPIC_UPDATE'
[07/23/23 02:00:15] [plugins/discord-connector] Error while shutting down SSL on HTTP connection: Foi forçado o cancelamento de uma conexão existente pelo host remoto (10054)
[07/23/23 02:18:18] [plugins/discord-connector] Unknown gateway event 'GUILD_AUDIT_LOG_ENTRY_CREATE'
[07/23/23 02:18:37] [plugins/discord-connector] Unknown gateway event 'GUILD_AUDIT_LOG_ENTRY_CREATE'
[07/23/23 02:52:14] [plugins/discord-connector] Unknown gateway event 'GUILD_AUDIT_LOG_ENTRY_CREATE'
[07/23/23 03:04:22] [plugins/discord-connector] Error while shutting down SSL on HTTP connection: Foi forçado o cancelamento de uma conexão existente pelo host remoto (10054)
[07/23/23 03:34:20] [plugins/discord-connector] Error while shutting down SSL on HTTP connection: Foi forçado o cancelamento de uma conexão existente pelo host remoto (10054)
[07/23/23 08:51:26] [plugins/discord-connector] Error while shutting down SSL on HTTP connection: Foi forçado o cancelamento de uma conexão existente pelo host remoto (10054)
[07/23/23 09:03:51] [plugins/discord-connector] Unknown gateway event 'GUILD_AUDIT_LOG_ENTRY_CREATE'
[07/23/23 09:03:52] [plugins/discord-connector] Unknown gateway event 'GUILD_AUDIT_LOG_ENTRY_CREATE'
[07/23/23 09:06:23] [plugins/discord-connector] Error while shutting down SSL on HTTP connection: Foi forçado o cancelamento de uma conexão existente pelo host remoto (10054)
[07/23/23 09:20:22] [plugins/discord-connector] Unknown gateway event 'GUILD_AUDIT_LOG_ENTRY_CREATE'
[07/23/23 09:20:23] [plugins/discord-connector] Unknown gateway event 'GUILD_AUDIT_LOG_ENTRY_CREATE'
[07/23/23 09:23:02] [plugins/discord-connector] Unknown gateway event 'GUILD_JOIN_REQUEST_UPDATE'
[07/23/23 09:23:02] [plugins/discord-connector] Unknown gateway event 'GUILD_AUDIT_LOG_ENTRY_CREATE'
[07/23/23 09:56:06] [plugins/discord-connector] Error while shutting down SSL on HTTP connection: Foi forçado o cancelamento de uma conexão existente pelo host remoto (10054)
[07/23/23 10:06:32] [plugins/discord-connector] Error while shutting down SSL on HTTP connection: Foi forçado o cancelamento de uma conexão existente pelo host remoto (10054)
[07/23/23 10:27:10] [plugins/discord-connector] Error while shutting down SSL on HTTP connection: Foi forçado o cancelamento de uma conexão existente pelo host remoto (10054)
[07/23/23 10:32:40] [plugins/discord-connector] Error while shutting down SSL on HTTP connection: Foi forçado o cancelamento de uma conexão existente pelo host remoto (10054)
[07/23/23 10:41:35] [plugins/discord-connector] Unknown gateway event 'GUILD_AUDIT_LOG_ENTRY_CREATE'
[07/23/23 13:02:59] [plugins/discord-connector] Unknown gateway event 'GUILD_AUDIT_LOG_ENTRY_CREATE'
[07/23/23 13:04:09] [plugins/discord-connector] Unknown gateway event 'GUILD_AUDIT_LOG_ENTRY_CREATE'
[07/23/23 13:05:55] [plugins/discord-connector] Unknown gateway event 'GUILD_AUDIT_LOG_ENTRY_CREATE'
[07/23/23 13:06:24] [plugins/discord-connector] Unknown gateway event 'GUILD_AUDIT_LOG_ENTRY_CREATE'
[07/23/23 13:10:40] [plugins/discord-connector] Unknown gateway event 'GUILD_AUDIT_LOG_ENTRY_CREATE'
[07/23/23 13:10:58] [plugins/discord-connector] Unknown gateway event 'GUILD_AUDIT_LOG_ENTRY_CREATE'
[07/23/23 13:11:09] [plugins/discord-connector] Unknown gateway event 'GUILD_AUDIT_LOG_ENTRY_CREATE'
[07/23/23 13:11:12] [plugins/discord-connector] Unknown gateway event 'GUILD_AUDIT_LOG_ENTRY_CREATE'
[07/23/23 13:11:26] [plugins/discord-connector] Unknown gateway event 'GUILD_AUDIT_LOG_ENTRY_CREATE'
[07/23/23 13:11:57] [plugins/discord-connector] Unknown gateway event 'GUILD_AUDIT_LOG_ENTRY_CREATE'
[07/23/23 13:12:07] [plugins/discord-connector] Unknown gateway event 'GUILD_AUDIT_LOG_ENTRY_CREATE'
[07/23/23 13:12:29] [plugins/discord-connector] Unknown gateway event 'GUILD_AUDIT_LOG_ENTRY_CREATE'
[07/23/23 13:13:18] [plugins/discord-connector] Unknown gateway event 'GUILD_AUDIT_LOG_ENTRY_CREATE'
[07/23/23 13:14:03] [plugins/discord-connector] Unknown gateway event 'GUILD_AUDIT_LOG_ENTRY_CREATE'
[07/23/23 13:14:43] [plugins/discord-connector] Unknown gateway event 'GUILD_AUDIT_LOG_ENTRY_CREATE'
[07/23/23 13:15:26] [plugins/discord-connector] Unknown gateway event 'GUILD_AUDIT_LOG_ENTRY_CREATE'
[07/23/23 13:15:40] [plugins/discord-connector] Error while shutting down SSL on HTTP connection: Foi forçado o cancelamento de uma conexão existente pelo host remoto (10054)
[07/23/23 13:16:02] [plugins/discord-connector] Unknown gateway event 'GUILD_AUDIT_LOG_ENTRY_CREATE'
[07/23/23 13:17:39] [plugins/discord-connector] Unknown gateway event 'GUILD_AUDIT_LOG_ENTRY_CREATE'
[07/23/23 13:17:43] [plugins/discord-connector] Unknown gateway event 'GUILD_AUDIT_LOG_ENTRY_CREATE'
[07/23/23 13:19:23] [plugins/discord-connector] Unknown gateway event 'GUILD_AUDIT_LOG_ENTRY_CREATE'
[07/23/23 13:19:42] [plugins/discord-connector] Unknown gateway event 'GUILD_AUDIT_LOG_ENTRY_CREATE'
[07/23/23 13:19:55] [plugins/discord-connector] Unknown gateway event 'GUILD_AUDIT_LOG_ENTRY_CREATE'
[07/23/23 13:20:05] [plugins/discord-connector] Unknown gateway event 'GUILD_AUDIT_LOG_ENTRY_CREATE'
[07/23/23 13:20:30] [plugins/discord-connector] Unknown gateway event 'GUILD_AUDIT_LOG_ENTRY_CREATE'
[07/23/23 13:21:05] [plugins/discord-connector] Unknown gateway event 'GUILD_AUDIT_LOG_ENTRY_CREATE'
[07/23/23 13:21:09] [plugins/discord-connector] Unknown gateway event 'GUILD_AUDIT_LOG_ENTRY_CREATE'
[07/23/23 13:21:12] [plugins/discord-connector] Unknown gateway event 'GUILD_AUDIT_LOG_ENTRY_CREATE'
[07/23/23 13:21:32] [plugins/discord-connector] Unknown gateway event 'GUILD_AUDIT_LOG_ENTRY_CREATE'
[07/23/23 13:21:35] [plugins/discord-connector] Unknown gateway event 'GUILD_AUDIT_LOG_ENTRY_CREATE'
[07/23/23 13:22:49] [plugins/discord-connector] Unknown gateway event 'GUILD_AUDIT_LOG_ENTRY_CREATE'
[07/23/23 13:23:27] [plugins/discord-connector] Unknown gateway event 'GUILD_AUDIT_LOG_ENTRY_CREATE'
[07/23/23 13:23:46] [plugins/discord-connector] Unknown gateway event 'GUILD_AUDIT_LOG_ENTRY_CREATE'
[07/23/23 13:25:48] [plugins/discord-connector] Unknown gateway event 'GUILD_AUDIT_LOG_ENTRY_CREATE'
[07/23/23 13:26:11] [plugins/discord-connector] Unknown gateway event 'GUILD_AUDIT_LOG_ENTRY_CREATE'
[07/23/23 13:26:15] [plugins/discord-connector] Unknown gateway event 'GUILD_AUDIT_LOG_ENTRY_CREATE'
[07/23/23 13:26:17] [plugins/discord-connector] Unknown gateway event 'GUILD_AUDIT_LOG_ENTRY_CREATE'
[07/23/23 13:26:20] [plugins/discord-connector] Unknown gateway event 'GUILD_AUDIT_LOG_ENTRY_CREATE'
[07/23/23 13:26:33] [plugins/discord-connector] Unknown gateway event 'GUILD_AUDIT_LOG_ENTRY_CREATE'
[07/23/23 13:26:38] [plugins/discord-connector] Unknown gateway event 'GUILD_AUDIT_LOG_ENTRY_CREATE'
[07/23/23 13:26:45] [plugins/discord-connector] Unknown gateway event 'GUILD_AUDIT_LOG_ENTRY_CREATE'
[07/23/23 13:29:05] [plugins/discord-connector] Unknown gateway event 'GUILD_AUDIT_LOG_ENTRY_CREATE'
[07/23/23 13:29:12] [plugins/discord-connector] Unknown gateway event 'GUILD_AUDIT_LOG_ENTRY_CREATE'
[07/23/23 13:29:17] [plugins/discord-connector] Unknown gateway event 'GUILD_AUDIT_LOG_ENTRY_CREATE'
[07/23/23 13:29:26] [plugins/discord-connector] Unknown gateway event 'GUILD_AUDIT_LOG_ENTRY_CREATE'
[07/23/23 13:30:00] [plugins/discord-connector] Unknown gateway event 'GUILD_AUDIT_LOG_ENTRY_CREATE'
[07/23/23 13:31:12] [plugins/discord-connector] Unknown gateway event 'GUILD_AUDIT_LOG_ENTRY_CREATE'
[07/23/23 13:35:12] [plugins/discord-connector] Unknown gateway event 'GUILD_AUDIT_LOG_ENTRY_CREATE'
[07/23/23 13:35:13] [plugins/discord-connector] Unknown gateway event 'GUILD_AUDIT_LOG_ENTRY_CREATE'
[07/23/23 13:38:50] [plugins/discord-connector] Unknown gateway event 'GUILD_AUDIT_LOG_ENTRY_CREATE'
[07/23/23 13:38:55] [plugins/discord-connector] Unknown gateway event 'GUILD_AUDIT_LOG_ENTRY_CREATE'
[07/23/23 13:40:44] [plugins/discord-connector] Unknown gateway event 'GUILD_JOIN_REQUEST_UPDATE'
[07/23/23 13:40:44] [plugins/discord-connector] Unknown gateway event 'GUILD_AUDIT_LOG_ENTRY_CREATE'
[07/23/23 13:42:54] [plugins/discord-connector] Unknown gateway event 'GUILD_AUDIT_LOG_ENTRY_CREATE'
[07/23/23 13:43:07] [plugins/discord-connector] Unknown gateway event 'GUILD_AUDIT_LOG_ENTRY_CREATE'
[07/23/23 13:43:20] [plugins/discord-connector] Unknown gateway event 'GUILD_AUDIT_LOG_ENTRY_CREATE'
[07/23/23 13:43:29] [plugins/discord-connector] Unknown gateway event 'GUILD_AUDIT_LOG_ENTRY_CREATE'
[07/23/23 13:47:09] [plugins/discord-connector] Unknown gateway event 'GUILD_AUDIT_LOG_ENTRY_CREATE'
[07/23/23 13:47:12] [plugins/discord-connector] Unknown gateway event 'GUILD_AUDIT_LOG_ENTRY_CREATE'
[07/23/23 13:47:14] [plugins/discord-connector] Unknown gateway event 'GUILD_AUDIT_LOG_ENTRY_CREATE'
[07/23/23 13:47:35] [plugins/discord-connector] Unknown gateway event 'GUILD_AUDIT_LOG_ENTRY_CREATE'
[07/23/23 13:47:41] [plugins/discord-connector] Unknown gateway event 'GUILD_AUDIT_LOG_ENTRY_CREATE'
[07/23/23 13:47:52] [plugins/discord-connector] Unknown gateway event 'GUILD_AUDIT_LOG_ENTRY_CREATE'
[07/23/23 13:48:31] [plugins/discord-connector] Unknown gateway event 'GUILD_AUDIT_LOG_ENTRY_CREATE'
[07/23/23 13:48:33] [plugins/discord-connector] Unknown gateway event 'GUILD_AUDIT_LOG_ENTRY_CREATE'
[07/23/23 13:48:43] [plugins/discord-connector] Unknown gateway event 'GUILD_AUDIT_LOG_ENTRY_CREATE'
[07/23/23 13:48:58] [plugins/discord-connector] Unknown gateway event 'GUILD_AUDIT_LOG_ENTRY_CREATE'
[07/23/23 13:49:02] [plugins/discord-connector] Unknown gateway event 'GUILD_AUDIT_LOG_ENTRY_CREATE'
[07/23/23 13:49:07] [plugins/discord-connector] Unknown gateway event 'GUILD_AUDIT_LOG_ENTRY_CREATE'
[07/23/23 13:50:47] [plugins/discord-connector] Unknown gateway event 'GUILD_AUDIT_LOG_ENTRY_CREATE'
[07/23/23 13:51:40] [plugins/discord-connector] Unknown gateway event 'GUILD_AUDIT_LOG_ENTRY_CREATE'
[07/23/23 13:51:50] [plugins/discord-connector] Unknown gateway event 'GUILD_AUDIT_LOG_ENTRY_CREATE'
[07/23/23 13:52:07] [plugins/discord-connector] Unknown gateway event 'GUILD_AUDIT_LOG_ENTRY_CREATE'
[07/23/23 13:53:07] [plugins/discord-connector] Unknown gateway event 'GUILD_AUDIT_LOG_ENTRY_CREATE'
[07/23/23 13:53:43] [plugins/discord-connector] Unknown gateway event 'GUILD_AUDIT_LOG_ENTRY_CREATE'
[07/23/23 13:55:57] [plugins/discord-connector] Unknown gateway event 'GUILD_AUDIT_LOG_ENTRY_CREATE'
[07/23/23 13:55:59] [plugins/discord-connector] Unknown gateway event 'GUILD_AUDIT_LOG_ENTRY_CREATE'
[07/23/23 13:56:01] [plugins/discord-connector] Unknown gateway event 'GUILD_AUDIT_LOG_ENTRY_CREATE'
[07/23/23 13:56:25] [plugins/discord-connector] Unknown gateway event 'GUILD_AUDIT_LOG_ENTRY_CREATE'
[07/23/23 13:56:32] [plugins/discord-connector] Unknown gateway event 'GUILD_AUDIT_LOG_ENTRY_CREATE'
[07/23/23 13:56:37] [plugins/discord-connector] Unknown gateway event 'GUILD_AUDIT_LOG_ENTRY_CREATE'
[07/23/23 13:57:54] [plugins/discord-connector] Unknown gateway event 'GUILD_AUDIT_LOG_ENTRY_CREATE'
[07/23/23 13:58:04] [plugins/discord-connector] Unknown gateway event 'GUILD_AUDIT_LOG_ENTRY_CREATE'
[07/23/23 13:58:15] [plugins/discord-connector] Unknown gateway event 'GUILD_AUDIT_LOG_ENTRY_CREATE'
[07/23/23 13:58:28] [plugins/discord-connector] Unknown gateway event 'GUILD_AUDIT_LOG_ENTRY_CREATE'
[07/23/23 13:58:40] [plugins/discord-connector] Unknown gateway event 'GUILD_AUDIT_LOG_ENTRY_CREATE'
[07/23/23 13:58:56] [plugins/discord-connector] Unknown gateway event 'GUILD_AUDIT_LOG_ENTRY_CREATE'
[07/23/23 13:58:57] [plugins/discord-connector] Unknown gateway event 'GUILD_AUDIT_LOG_ENTRY_CREATE'
[07/23/23 13:58:59] [plugins/discord-connector] Unknown gateway event 'GUILD_AUDIT_LOG_ENTRY_CREATE'
[07/23/23 13:59:42] [plugins/discord-connector] Unknown gateway event 'GUILD_AUDIT_LOG_ENTRY_CREATE'
[07/23/23 13:59:47] [plugins/discord-connector] Unknown gateway event 'GUILD_AUDIT_LOG_ENTRY_CREATE'
[07/23/23 13:59:51] [plugins/discord-connector] Unknown gateway event 'GUILD_AUDIT_LOG_ENTRY_CREATE'
[07/23/23 14:00:30] [plugins/discord-connector] Unknown gateway event 'GUILD_AUDIT_LOG_ENTRY_CREATE'
[07/23/23 14:00:45] [plugins/discord-connector] Unknown gateway event 'GUILD_AUDIT_LOG_ENTRY_CREATE'
[07/23/23 14:00:46] [plugins/discord-connector] Unknown gateway event 'GUILD_AUDIT_LOG_ENTRY_CREATE'
[07/23/23 14:00:50] [plugins/discord-connector] Unknown gateway event 'GUILD_AUDIT_LOG_ENTRY_CREATE'
[07/23/23 14:02:27] [plugins/discord-connector] Unknown gateway event 'GUILD_AUDIT_LOG_ENTRY_CREATE'
[07/23/23 14:02:30] [plugins/discord-connector] Unknown gateway event 'GUILD_AUDIT_LOG_ENTRY_CREATE'
[07/23/23 14:02:35] [plugins/discord-connector] Unknown gateway event 'GUILD_AUDIT_LOG_ENTRY_CREATE'
[07/23/23 14:02:38] [plugins/discord-connector] Unknown gateway event 'GUILD_AUDIT_LOG_ENTRY_CREATE'
[07/23/23 14:02:43] [plugins/discord-connector] Unknown gateway event 'GUILD_AUDIT_LOG_ENTRY_CREATE'
[07/23/23 14:03:39] [plugins/discord-connector] Unknown gateway event 'GUILD_AUDIT_LOG_ENTRY_CREATE'
[07/23/23 14:07:00] [plugins/discord-connector] Unknown gateway event 'GUILD_AUDIT_LOG_ENTRY_CREATE'
[07/23/23 14:07:10] [plugins/discord-connector] Unknown gateway event 'GUILD_AUDIT_LOG_ENTRY_CREATE'
[07/23/23 14:07:17] [plugins/discord-connector] Unknown gateway event 'GUILD_AUDIT_LOG_ENTRY_CREATE'
[07/23/23 14:13:48] [plugins/discord-connector] Unknown gateway event 'GUILD_AUDIT_LOG_ENTRY_CREATE'
[07/23/23 14:14:14] [plugins/discord-connector] Unknown gateway event 'GUILD_AUDIT_LOG_ENTRY_CREATE'
[07/23/23 14:14:34] [plugins/discord-connector] Unknown gateway event 'GUILD_AUDIT_LOG_ENTRY_CREATE'
[07/23/23 14:15:04] [plugins/discord-connector] Unknown gateway event 'GUILD_AUDIT_LOG_ENTRY_CREATE'
[07/23/23 14:15:18] [plugins/discord-connector] Unknown gateway event 'GUILD_AUDIT_LOG_ENTRY_CREATE'
[07/23/23 14:15:43] [plugins/discord-connector] Unknown gateway event 'GUILD_AUDIT_LOG_ENTRY_CREATE'
[07/23/23 14:15:56] [plugins/discord-connector] Unknown gateway event 'GUILD_AUDIT_LOG_ENTRY_CREATE'
[07/23/23 14:16:40] [plugins/discord-connector] Unknown gateway event 'GUILD_AUDIT_LOG_ENTRY_CREATE'
[07/23/23 14:17:25] [plugins/discord-connector] Unknown gateway event 'GUILD_AUDIT_LOG_ENTRY_CREATE'
[07/23/23 14:17:43] [plugins/discord-connector] Unknown gateway event 'GUILD_AUDIT_LOG_ENTRY_CREATE'
[07/23/23 14:17:51] [plugins/discord-connector] Unknown gateway event 'GUILD_AUDIT_LOG_ENTRY_CREATE'
[07/23/23 14:22:39] [plugins/discord-connector] Unknown gateway event 'CHANNEL_TOPIC_UPDATE'
[07/23/23 15:42:33] [plugins/discord-connector] Error while shutting down SSL on HTTP connection: Foi forçado o cancelamento de uma conexão existente pelo host remoto (10054)
[07/23/23 16:07:53] [plugins/discord-connector] Unknown gateway event 'CHANNEL_TOPIC_UPDATE'
[07/23/23 16:30:28] [plugins/discord-connector] Error while shutting down SSL on HTTP connection: Foi forçado o cancelamento de uma conexão existente pelo host remoto (10054)
[07/23/23 17:35:11] [plugins/discord-connector] Error while shutting down SSL on HTTP connection: Foi forçado o cancelamento de uma conexão existente pelo host remoto (10054)
[07/23/23 18:07:43] [plugins/discord-connector] Unknown gateway event 'GUILD_AUDIT_LOG_ENTRY_CREATE'
[07/23/23 18:07:44] [plugins/discord-connector] Unknown gateway event 'GUILD_AUDIT_LOG_ENTRY_CREATE'
[07/23/23 18:11:10] [plugins/discord-connector] Unknown gateway event 'GUILD_AUDIT_LOG_ENTRY_CREATE'
[07/23/23 18:11:10] [plugins/discord-connector] Unknown gateway event 'GUILD_AUDIT_LOG_ENTRY_CREATE'
[07/23/23 18:31:36] [plugins/discord-connector] Unknown gateway event 'GUILD_AUDIT_LOG_ENTRY_CREATE'
[07/23/23 18:44:31] [plugins/discord-connector] Unknown gateway event 'GUILD_AUDIT_LOG_ENTRY_CREATE'
[07/23/23 18:44:34] [plugins/discord-connector] Unknown gateway event 'GUILD_AUDIT_LOG_ENTRY_CREATE'
[07/23/23 18:44:35] [plugins/discord-connector] Unknown gateway event 'GUILD_AUDIT_LOG_ENTRY_CREATE'
[07/23/23 18:44:38] [plugins/discord-connector] Unknown gateway event 'GUILD_AUDIT_LOG_ENTRY_CREATE'
[07/23/23 18:44:40] [plugins/discord-connector] Unknown gateway event 'GUILD_AUDIT_LOG_ENTRY_CREATE'
[07/23/23 18:47:52] [plugins/discord-connector] Unknown gateway event 'GUILD_AUDIT_LOG_ENTRY_CREATE'
[07/23/23 18:49:14] [plugins/discord-connector] Unknown gateway event 'GUILD_JOIN_REQUEST_UPDATE'
[07/23/23 18:49:15] [plugins/discord-connector] Unknown gateway event 'GUILD_AUDIT_LOG_ENTRY_CREATE'
[07/23/23 18:50:55] [plugins/discord-connector] Unknown gateway event 'GUILD_AUDIT_LOG_ENTRY_CREATE'
[07/23/23 18:51:11] [plugins/discord-connector] Unknown gateway event 'GUILD_AUDIT_LOG_ENTRY_CREATE'
[07/23/23 18:52:24] [plugins/discord-connector] Unknown gateway event 'GUILD_AUDIT_LOG_ENTRY_CREATE'
[07/23/23 18:53:22] [plugins/discord-connector] Unknown gateway event 'GUILD_AUDIT_LOG_ENTRY_CREATE'
[07/23/23 18:55:16] [plugins/discord-connector] Error while shutting down SSL on HTTP connection: Foi forçado o cancelamento de uma conexão existente pelo host remoto (10054)
[07/23/23 19:10:40] [plugins/discord-connector] Unknown gateway event 'GUILD_AUDIT_LOG_ENTRY_CREATE'
[07/23/23 19:10:59] [plugins/discord-connector] Unknown gateway event 'GUILD_AUDIT_LOG_ENTRY_CREATE'
[07/23/23 19:10:59] [plugins/discord-connector] Unknown gateway event 'GUILD_AUDIT_LOG_ENTRY_CREATE'
[07/23/23 19:11:11] [plugins/discord-connector] Unknown gateway event 'GUILD_AUDIT_LOG_ENTRY_CREATE'
[07/23/23 19:11:11] [plugins/discord-connector] Unknown gateway event 'GUILD_AUDIT_LOG_ENTRY_CREATE'
[07/23/23 19:12:42] [plugins/discord-connector] Unknown gateway event 'GUILD_AUDIT_LOG_ENTRY_CREATE'
[07/23/23 19:13:18] [plugins/discord-connector] Unknown gateway event 'GUILD_AUDIT_LOG_ENTRY_CREATE'
[07/23/23 19:16:54] [plugins/discord-connector] Unknown gateway event 'GUILD_AUDIT_LOG_ENTRY_CREATE'
[07/23/23 19:17:29] [plugins/discord-connector] Unknown gateway event 'GUILD_AUDIT_LOG_ENTRY_CREATE'
[07/23/23 19:30:46] [plugins/discord-connector] Unknown gateway event 'GUILD_JOIN_REQUEST_UPDATE'
[07/23/23 19:30:46] [plugins/discord-connector] Unknown gateway event 'GUILD_AUDIT_LOG_ENTRY_CREATE'
[07/23/23 19:37:12] [plugins/discord-connector] Unknown gateway event 'GUILD_JOIN_REQUEST_UPDATE'
[07/23/23 19:37:12] [plugins/discord-connector] Unknown gateway event 'GUILD_AUDIT_LOG_ENTRY_CREATE'
[07/23/23 21:35:22] [plugins/discord-connector] Unknown gateway event 'GUILD_AUDIT_LOG_ENTRY_CREATE'
[07/23/23 21:36:47] [plugins/discord-connector] Unknown gateway event 'GUILD_AUDIT_LOG_ENTRY_CREATE'
[07/23/23 21:56:04] [plugins/discord-connector] Error while shutting down SSL on HTTP connection: Foi forçado o cancelamento de uma conexão existente pelo host remoto (10054)
[07/23/23 22:34:37] [plugins/discord-connector] Unknown gateway event 'GUILD_AUDIT_LOG_ENTRY_CREATE'
[07/23/23 23:41:14] [plugins/discord-connector] Unknown gateway event 'GUILD_AUDIT_LOG_ENTRY_CREATE'
[07/23/23 23:42:59] [plugins/discord-connector] Error while shutting down SSL on HTTP connection: Foi forçado o cancelamento de uma conexão existente pelo host remoto (10054)
[07/24/23 00:00:31] [plugins/discord-connector] Unknown gateway event 'GUILD_AUDIT_LOG_ENTRY_CREATE'
[07/24/23 00:01:18] [plugins/discord-connector] Unknown gateway event 'GUILD_AUDIT_LOG_ENTRY_CREATE'
[07/24/23 00:01:41] [plugins/discord-connector] Unknown gateway event 'GUILD_AUDIT_LOG_ENTRY_CREATE'
[07/24/23 00:02:09] [plugins/discord-connector] Unknown gateway event 'GUILD_AUDIT_LOG_ENTRY_CREATE'
[07/24/23 00:02:23] [plugins/discord-connector] Unknown gateway event 'GUILD_AUDIT_LOG_ENTRY_CREATE'
[07/24/23 00:02:53] [plugins/discord-connector] Unknown gateway event 'GUILD_AUDIT_LOG_ENTRY_CREATE'
[07/24/23 00:06:55] [plugins/discord-connector] Unknown gateway event 'GUILD_AUDIT_LOG_ENTRY_CREATE'
[07/24/23 01:03:40] [plugins/discord-connector] Unknown gateway event 'GUILD_AUDIT_LOG_ENTRY_CREATE'
[07/24/23 01:04:09] [plugins/discord-connector] Unknown gateway event 'GUILD_AUDIT_LOG_ENTRY_CREATE'
[07/24/23 01:18:09] [plugins/discord-connector] Unknown gateway event 'GUILD_JOIN_REQUEST_UPDATE'
[07/24/23 01:18:10] [plugins/discord-connector] Unknown gateway event 'GUILD_AUDIT_LOG_ENTRY_CREATE'
[07/24/23 01:44:12] [plugins/discord-connector] Unknown gateway event 'GUILD_AUDIT_LOG_ENTRY_CREATE'
[07/24/23 01:44:33] [plugins/discord-connector] Unknown gateway event 'GUILD_AUDIT_LOG_ENTRY_CREATE'
[07/24/23 01:44:58] [plugins/discord-connector] Unknown gateway event 'GUILD_AUDIT_LOG_ENTRY_CREATE'
[07/24/23 01:46:17] [plugins/discord-connector] Unknown gateway event 'GUILD_AUDIT_LOG_ENTRY_CREATE'
[07/24/23 01:50:56] [plugins/discord-connector] Unknown gateway event 'GUILD_AUDIT_LOG_ENTRY_CREATE'
[07/24/23 08:16:30] [plugins/discord-connector] Error while shutting down SSL on HTTP connection: Foi forçado o cancelamento de uma conexão existente pelo host remoto (10054)
[07/24/23 12:17:27] [plugins/discord-connector] Unknown gateway event 'GUILD_AUDIT_LOG_ENTRY_CREATE'
[07/24/23 14:05:57] [plugins/discord-connector] Unknown gateway event 'INTEGRATION_CREATE'
[07/24/23 14:05:58] [plugins/discord-connector] Unknown gateway event 'GUILD_AUDIT_LOG_ENTRY_CREATE'
[07/24/23 14:05:58] [plugins/discord-connector] Unknown gateway event 'GUILD_AUDIT_LOG_ENTRY_CREATE'
[07/24/23 14:06:17] [plugins/discord-connector] Unknown gateway event 'GUILD_AUDIT_LOG_ENTRY_CREATE'
[07/24/23 14:10:52] [plugins/discord-connector] Unknown gateway event 'GUILD_AUDIT_LOG_ENTRY_CREATE'
[07/24/23 14:10:52] [plugins/discord-connector] Unknown gateway event 'GUILD_AUDIT_LOG_ENTRY_CREATE'
[07/24/23 14:44:39] [plugins/discord-connector] Unknown gateway event 'INTEGRATION_CREATE'
[07/24/23 14:44:40] [plugins/discord-connector] Unknown gateway event 'GUILD_AUDIT_LOG_ENTRY_CREATE'
[07/24/23 14:44:40] [plugins/discord-connector] Unknown gateway event 'GUILD_AUDIT_LOG_ENTRY_CREATE'
[07/24/23 14:45:04] [plugins/discord-connector] Error while shutting down SSL on HTTP connection: Foi forçado o cancelamento de uma conexão existente pelo host remoto (10054)
[07/24/23 14:45:15] [plugins/discord-connector] Unknown gateway event 'GUILD_AUDIT_LOG_ENTRY_CREATE'
[07/24/23 14:48:21] [plugins/discord-connector] Unknown gateway event 'GUILD_AUDIT_LOG_ENTRY_CREATE'
[07/24/23 14:48:21] [plugins/discord-connector] Unknown gateway event 'GUILD_AUDIT_LOG_ENTRY_CREATE'
[07/24/23 17:12:07] [plugins/discord-connector] Unknown gateway event 'GUILD_JOIN_REQUEST_UPDATE'
[07/24/23 17:12:07] [plugins/discord-connector] Unknown gateway event 'GUILD_AUDIT_LOG_ENTRY_CREATE'
[07/24/23 17:15:11] [plugins/discord-connector] Error while shutting down SSL on HTTP connection: Foi forçado o cancelamento de uma conexão existente pelo host remoto (10054)
[07/24/23 17:47:55] [plugins/discord-connector] Unknown gateway event 'CHANNEL_TOPIC_UPDATE'
[07/24/23 18:03:16] [plugins/discord-connector] Unknown gateway event 'GUILD_AUDIT_LOG_ENTRY_CREATE'
[07/24/23 18:03:24] [plugins/discord-connector] Unknown gateway event 'GUILD_AUDIT_LOG_ENTRY_CREATE'
[07/24/23 18:03:46] [plugins/discord-connector] Unknown gateway event 'GUILD_AUDIT_LOG_ENTRY_CREATE'
[07/24/23 18:03:46] [plugins/discord-connector] Unknown gateway event 'GUILD_AUDIT_LOG_ENTRY_CREATE'
[07/24/23 18:03:54] [plugins/discord-connector] Unknown gateway event 'GUILD_AUDIT_LOG_ENTRY_CREATE'
[07/24/23 18:51:36] [plugins/discord-connector] Unknown gateway event 'GUILD_JOIN_REQUEST_UPDATE'
[07/24/23 18:51:36] [plugins/discord-connector] Unknown gateway event 'GUILD_AUDIT_LOG_ENTRY_CREATE'
[07/24/23 19:12:39] [plugins/discord-connector] Unknown gateway event 'GUILD_AUDIT_LOG_ENTRY_CREATE'
[07/24/23 19:12:55] [plugins/discord-connector] Unknown gateway event 'GUILD_AUDIT_LOG_ENTRY_CREATE'
[07/24/23 19:14:54] [plugins/discord-connector] Unknown gateway event 'GUILD_AUDIT_LOG_ENTRY_CREATE'
[07/24/23 19:15:03] [plugins/discord-connector] Unknown gateway event 'GUILD_AUDIT_LOG_ENTRY_CREATE'
[07/24/23 19:15:12] [plugins/discord-connector] Unknown gateway event 'GUILD_AUDIT_LOG_ENTRY_CREATE'
[07/24/23 19:15:21] [plugins/discord-connector] Unknown gateway event 'GUILD_AUDIT_LOG_ENTRY_CREATE'
[07/24/23 22:00:15] [plugins/discord-connector] Error while shutting down SSL on HTTP connection: Foi forçado o cancelamento de uma conexão existente pelo host remoto (10054)
[07/24/23 22:13:22] [plugins/discord-connector] Unknown gateway event 'GUILD_AUDIT_LOG_ENTRY_CREATE'
[07/24/23 22:16:55] [plugins/discord-connector] Error while shutting down SSL on HTTP connection: Foi forçado o cancelamento de uma conexão existente pelo host remoto (10054)
[07/24/23 22:25:16] [plugins/discord-connector] Unknown gateway event 'GUILD_AUDIT_LOG_ENTRY_CREATE'
[07/24/23 22:25:59] [plugins/discord-connector] Error while shutting down SSL on HTTP connection: Foi forçado o cancelamento de uma conexão existente pelo host remoto (10054)
[07/24/23 22:55:45] [plugins/discord-connector] Unknown gateway event 'GUILD_AUDIT_LOG_ENTRY_CREATE'
[07/24/23 22:55:59] [plugins/discord-connector] Unknown gateway event 'GUILD_AUDIT_LOG_ENTRY_CREATE'
[07/24/23 22:56:02] [plugins/discord-connector] Unknown gateway event 'GUILD_AUDIT_LOG_ENTRY_CREATE'
[07/24/23 23:15:43] [plugins/discord-connector] Unknown gateway event 'GUILD_AUDIT_LOG_ENTRY_CREATE'
[07/24/23 23:15:46] [plugins/discord-connector] Unknown gateway event 'GUILD_AUDIT_LOG_ENTRY_CREATE'
[07/24/23 23:29:23] [plugins/discord-connector] Unknown gateway event 'GUILD_AUDIT_LOG_ENTRY_CREATE'
[07/24/23 23:38:20] [plugins/discord-connector] Unknown gateway event 'GUILD_AUDIT_LOG_ENTRY_CREATE'
[07/24/23 23:38:20] [plugins/discord-connector] Unknown gateway event 'GUILD_AUDIT_LOG_ENTRY_CREATE'
[07/24/23 23:42:03] [plugins/discord-connector] Unknown gateway event 'GUILD_AUDIT_LOG_ENTRY_CREATE'
[07/24/23 23:42:37] [plugins/discord-connector] Unknown gateway event 'GUILD_AUDIT_LOG_ENTRY_CREATE'
[07/24/23 23:45:16] [plugins/discord-connector] Unknown gateway event 'CHANNEL_TOPIC_UPDATE'
[07/25/23 01:23:05] [plugins/discord-connector] Error while shutting down SSL on HTTP connection: Foi forçado o cancelamento de uma conexão existente pelo host remoto (10054)
[07/25/23 01:34:54] [plugins/discord-connector] Error while shutting down SSL on HTTP connection: Foi forçado o cancelamento de uma conexão existente pelo host remoto (10054)
[07/25/23 01:48:17] [plugins/discord-connector] Error while shutting down SSL on HTTP connection: Foi forçado o cancelamento de uma conexão existente pelo host remoto (10054)
[07/25/23 12:51:32] [plugins/discord-connector] Error while shutting down SSL on HTTP connection: Foi forçado o cancelamento de uma conexão existente pelo host remoto (10054)
[07/25/23 14:10:22] [plugins/discord-connector] Error while shutting down SSL on HTTP connection: Foi forçado o cancelamento de uma conexão existente pelo host remoto (10054)
[07/25/23 15:16:40] [plugins/discord-connector] Unknown gateway event 'GUILD_AUDIT_LOG_ENTRY_CREATE'
[07/25/23 15:17:07] [plugins/discord-connector] Unknown gateway event 'GUILD_AUDIT_LOG_ENTRY_CREATE'
[07/25/23 15:17:08] [plugins/discord-connector] Unknown gateway event 'GUILD_AUDIT_LOG_ENTRY_CREATE'
[07/25/23 15:19:35] [plugins/discord-connector] Error while shutting down SSL on HTTP connection: Foi forçado o cancelamento de uma conexão existente pelo host remoto (10054)
[07/25/23 15:54:39] [plugins/discord-connector] Unknown gateway event 'GUILD_AUDIT_LOG_ENTRY_CREATE'
[07/25/23 15:54:40] [plugins/discord-connector] Unknown gateway event 'GUILD_AUDIT_LOG_ENTRY_CREATE'
[07/25/23 15:54:54] [plugins/discord-connector] Unknown gateway event 'GUILD_AUDIT_LOG_ENTRY_CREATE'
[07/25/23 18:21:01] [plugins/discord-connector] Unknown gateway event 'GUILD_AUDIT_LOG_ENTRY_CREATE'
[07/25/23 18:21:01] [plugins/discord-connector] Unknown gateway event 'GUILD_AUDIT_LOG_ENTRY_CREATE'
[07/25/23 21:39:50] [plugins/discord-connector] Unknown gateway event 'GUILD_AUDIT_LOG_ENTRY_CREATE'
[07/25/23 22:28:58] [plugins/discord-connector] Unknown gateway event 'GUILD_AUDIT_LOG_ENTRY_CREATE'
[07/25/23 22:36:29] [plugins/discord-connector] Error while shutting down SSL on HTTP connection: Foi forçado o cancelamento de uma conexão existente pelo host remoto (10054)
[07/25/23 22:39:24] [plugins/discord-connector] Unknown gateway event 'GUILD_AUDIT_LOG_ENTRY_CREATE'
[07/25/23 23:18:08] [plugins/discord-connector] Unknown gateway event 'GUILD_AUDIT_LOG_ENTRY_CREATE'
[07/25/23 23:20:39] [plugins/discord-connector] Error while shutting down SSL on HTTP connection: Foi forçado o cancelamento de uma conexão existente pelo host remoto (10054)
[07/25/23 23:40:42] [plugins/discord-connector] Unknown gateway event 'GUILD_AUDIT_LOG_ENTRY_CREATE'
[07/25/23 23:40:46] [plugins/discord-connector] Unknown gateway event 'GUILD_AUDIT_LOG_ENTRY_CREATE'
[07/25/23 23:41:18] [plugins/discord-connector] Unknown gateway event 'GUILD_AUDIT_LOG_ENTRY_CREATE'
[07/25/23 23:43:09] [plugins/discord-connector] Error while shutting down SSL on HTTP connection: Foi forçado o cancelamento de uma conexão existente pelo host remoto (10054)
[07/26/23 00:14:12] [plugins/discord-connector] Unknown gateway event 'GUILD_AUDIT_LOG_ENTRY_CREATE'
[07/26/23 00:14:51] [plugins/discord-connector] Unknown gateway event 'GUILD_AUDIT_LOG_ENTRY_CREATE'
[07/26/23 00:15:16] [plugins/discord-connector] Unknown gateway event 'GUILD_AUDIT_LOG_ENTRY_CREATE'
[07/26/23 00:15:39] [plugins/discord-connector] Unknown gateway event 'GUILD_AUDIT_LOG_ENTRY_CREATE'
[07/26/23 00:36:29] [plugins/discord-connector] Error while shutting down SSL on HTTP connection: Foi forçado o cancelamento de uma conexão existente pelo host remoto (10054)
[07/26/23 00:43:25] [plugins/discord-connector] Error while shutting down SSL on HTTP connection: Foi forçado o cancelamento de uma conexão existente pelo host remoto (10054)
[07/26/23 00:51:47] [plugins/discord-connector] Error while shutting down SSL on HTTP connection: Foi forçado o cancelamento de uma conexão existente pelo host remoto (10054)
[07/27/23 15:30:23] [plugins/discord-connector] Unknown gateway event 'GUILD_AUDIT_LOG_ENTRY_CREATE'
[07/27/23 15:30:31] [plugins/discord-connector] Unknown gateway event 'CHANNEL_TOPIC_UPDATE'
[07/27/23 15:30:44] [plugins/discord-connector] Unknown gateway event 'GUILD_AUDIT_LOG_ENTRY_CREATE'
[07/27/23 15:30:55] [plugins/discord-connector] Unknown gateway event 'GUILD_AUDIT_LOG_ENTRY_CREATE'
[07/27/23 18:46:23] [plugins/discord-connector] Unknown gateway event 'GUILD_AUDIT_LOG_ENTRY_CREATE'
[07/27/23 18:46:23] [plugins/discord-connector] Unknown gateway event 'GUILD_AUDIT_LOG_ENTRY_CREATE'
[07/27/23 18:46:29] [plugins/discord-connector] Unknown gateway event 'GUILD_AUDIT_LOG_ENTRY_CREATE'
[07/30/23 15:30:00] [plugins/discord-connector] Unknown gateway event 'GUILD_AUDIT_LOG_ENTRY_CREATE'
[07/30/23 15:30:20] [plugins/discord-connector] Unknown gateway event 'GUILD_AUDIT_LOG_ENTRY_CREATE'
[07/30/23 15:46:52] [plugins/discord-connector] Unknown gateway event 'GUILD_AUDIT_LOG_ENTRY_CREATE'
[07/30/23 15:46:59] [plugins/discord-connector] Unknown gateway event 'GUILD_AUDIT_LOG_ENTRY_CREATE'
[07/30/23 16:06:16] [plugins/discord-connector] Unknown gateway event 'GUILD_AUDIT_LOG_ENTRY_CREATE'
[07/30/23 16:07:23] [plugins/discord-connector] Unknown gateway event 'GUILD_AUDIT_LOG_ENTRY_CREATE'
[07/30/23 16:08:19] [plugins/discord-connector] Unknown gateway event 'GUILD_AUDIT_LOG_ENTRY_CREATE'
[08/20/23 17:02:44] [plugins/discord-connector] Unknown gateway event 'GUILD_AUDIT_LOG_ENTRY_CREATE'
[08/20/23 17:03:02] [plugins/discord-connector] Unknown gateway event 'GUILD_AUDIT_LOG_ENTRY_CREATE'
[08/20/23 17:03:43] [plugins/discord-connector] Unknown gateway event 'GUILD_AUDIT_LOG_ENTRY_CREATE'
[08/20/23 17:04:03] [plugins/discord-connector] Unknown gateway event 'GUILD_AUDIT_LOG_ENTRY_CREATE'
[08/20/23 17:04:23] [plugins/discord-connector] Unknown gateway event 'GUILD_AUDIT_LOG_ENTRY_CREATE'
[08/20/23 17:05:21] [plugins/discord-connector] Unknown gateway event 'CHANNEL_TOPIC_UPDATE'
[08/20/23 17:05:21] [plugins/discord-connector] Unknown gateway event 'VOICE_CHANNEL_STATUS_UPDATE'
[08/22/23 19:50:53] [plugins/discord-connector] Unknown gateway event 'CHANNEL_TOPIC_UPDATE'
[08/22/23 19:50:53] [plugins/discord-connector] Unknown gateway event 'VOICE_CHANNEL_STATUS_UPDATE'
[08/25/23 00:09:22] [plugins/discord-connector] Error while shutting down SSL on HTTP connection: Foi forçado o cancelamento de uma conexão existente pelo host remoto (10054)
[08/25/23 00:29:06] [plugins/discord-connector] Unknown gateway event 'GUILD_AUDIT_LOG_ENTRY_CREATE'
[08/25/23 23:20:34] [plugins/discord-connector] Error while shutting down SSL on HTTP connection: Uma conexão estabelecida foi anulada pelo software no computador host (10053)
[08/28/23 10:41:13] [plugins/discord-connector] Unknown gateway event 'GUILD_AUDIT_LOG_ENTRY_CREATE'
[08/28/23 10:43:14] [plugins/discord-connector] Unknown gateway event 'GUILD_AUDIT_LOG_ENTRY_CREATE'
[08/28/23 10:49:43] [plugins/discord-connector] Unknown gateway event 'GUILD_AUDIT_LOG_ENTRY_CREATE'
[08/28/23 11:15:30] [plugins/discord-connector] Unknown gateway event 'GUILD_AUDIT_LOG_ENTRY_CREATE'
[08/28/23 11:46:43] [plugins/discord-connector] Unknown gateway event 'GUILD_AUDIT_LOG_ENTRY_CREATE'
[08/28/23 12:39:45] [plugins/discord-connector] Unknown gateway event 'GUILD_AUDIT_LOG_ENTRY_CREATE'
[08/28/23 13:24:19] [plugins/discord-connector] Unknown gateway event 'GUILD_AUDIT_LOG_ENTRY_CREATE'
[08/28/23 13:26:26] [plugins/discord-connector] Unknown gateway event 'GUILD_AUDIT_LOG_ENTRY_CREATE'
[08/28/23 13:27:01] [plugins/discord-connector] Unknown gateway event 'GUILD_AUDIT_LOG_ENTRY_CREATE'
[08/28/23 13:27:37] [plugins/discord-connector] Unknown gateway event 'GUILD_AUDIT_LOG_ENTRY_CREATE'
[08/28/23 13:33:27] [plugins/discord-connector] Unknown gateway event 'GUILD_AUDIT_LOG_ENTRY_CREATE'
[08/28/23 13:46:04] [plugins/discord-connector] Unknown gateway event 'GUILD_AUDIT_LOG_ENTRY_CREATE'
[08/28/23 13:46:14] [plugins/discord-connector] Unknown gateway event 'GUILD_AUDIT_LOG_ENTRY_CREATE'
[08/28/23 13:47:32] [plugins/discord-connector] Unknown gateway event 'GUILD_AUDIT_LOG_ENTRY_CREATE'
[08/28/23 13:47:40] [plugins/discord-connector] Unknown gateway event 'GUILD_AUDIT_LOG_ENTRY_CREATE'
[08/28/23 13:47:51] [plugins/discord-connector] Unknown gateway event 'GUILD_AUDIT_LOG_ENTRY_CREATE'
[08/28/23 13:47:59] [plugins/discord-connector] Unknown gateway event 'GUILD_AUDIT_LOG_ENTRY_CREATE'
[08/28/23 13:48:06] [plugins/discord-connector] Unknown gateway event 'GUILD_AUDIT_LOG_ENTRY_CREATE'
[08/28/23 13:49:11] [plugins/discord-connector] Unknown gateway event 'GUILD_AUDIT_LOG_ENTRY_CREATE'
[08/28/23 13:49:21] [plugins/discord-connector] Unknown gateway event 'GUILD_AUDIT_LOG_ENTRY_CREATE'
[08/28/23 13:49:30] [plugins/discord-connector] Unknown gateway event 'GUILD_AUDIT_LOG_ENTRY_CREATE'
[08/28/23 14:02:50] [plugins/discord-connector] Unknown gateway event 'GUILD_AUDIT_LOG_ENTRY_CREATE'
[08/28/23 15:35:20] [plugins/discord-connector] Unknown gateway event 'GUILD_AUDIT_LOG_ENTRY_CREATE'
[08/28/23 15:54:35] [plugins/discord-connector] Unknown gateway event 'GUILD_AUDIT_LOG_ENTRY_CREATE'
[08/28/23 16:12:52] [plugins/discord-connector] Unknown gateway event 'CHANNEL_TOPIC_UPDATE'
[08/28/23 16:12:52] [plugins/discord-connector] Unknown gateway event 'VOICE_CHANNEL_STATUS_UPDATE'
[08/28/23 17:00:07] [plugins/discord-connector] Unknown gateway event 'GUILD_AUDIT_LOG_ENTRY_CREATE'
[08/28/23 17:00:18] [plugins/discord-connector] Unknown gateway event 'GUILD_AUDIT_LOG_ENTRY_CREATE'
[08/28/23 17:11:41] [plugins/discord-connector] Unknown gateway event 'GUILD_AUDIT_LOG_ENTRY_CREATE'
[08/28/23 17:25:54] [plugins/discord-connector] Unknown gateway event 'GUILD_AUDIT_LOG_ENTRY_CREATE'
[08/28/23 17:26:08] [plugins/discord-connector] Unknown gateway event 'GUILD_AUDIT_LOG_ENTRY_CREATE'
[08/28/23 17:43:46] [plugins/discord-connector] Unknown gateway event 'GUILD_AUDIT_LOG_ENTRY_CREATE'
[08/28/23 17:50:40] [plugins/discord-connector] Unknown gateway event 'GUILD_AUDIT_LOG_ENTRY_CREATE'
[08/28/23 17:50:41] [plugins/discord-connector] Unknown gateway event 'GUILD_AUDIT_LOG_ENTRY_CREATE'
[08/29/23 22:28:35] [plugins/discord-connector] Unknown gateway event 'GUILD_AUDIT_LOG_ENTRY_CREATE'
[08/29/23 22:28:35] [plugins/discord-connector] Unknown gateway event 'GUILD_AUDIT_LOG_ENTRY_CREATE'
[08/29/23 22:38:51] [plugins/discord-connector] Unknown gateway event 'GUILD_AUDIT_LOG_ENTRY_CREATE'
[08/29/23 22:48:36] [plugins/discord-connector] Unknown gateway event 'GUILD_AUDIT_LOG_ENTRY_CREATE'
[08/29/23 22:49:08] [plugins/discord-connector] Unknown gateway event 'GUILD_AUDIT_LOG_ENTRY_CREATE'
[08/29/23 22:49:21] [plugins/discord-connector] Unknown gateway event 'GUILD_AUDIT_LOG_ENTRY_CREATE'
